============================= test session starts ==============================
platform linux -- Python 3.12.13, pytest-9.0.3, pluggy-1.6.0
rootdir: /workspace/pCobra
configfile: pyproject.toml
testpaths: tests
plugins: anyio-4.13.0, flet-0.86.1
collected 4977 items / 3 skipped

tests/cli/test_bench_imports.py ...                                      [  0%]
tests/cli/test_cli_alias_registration.py ...                             [  0%]
tests/cli/test_cli_imports.py ....                                       [  0%]
tests/cli/test_public_v2_commands_contract.py ........                   [  0%]
tests/cli/test_repl_error_recovery_contract.py ........                  [  0%]
tests/cli/test_repl_script_parity_contract.py ...................        [  0%]
tests/cli/test_runtime_imports_contract.py ...                           [  0%]
tests/core/test_corelib_argumentos.py ...                                [  1%]
tests/core/test_corelib_compresion.py ...                                [  1%]
tests/core/test_corelib_configuracion.py ...                             [  1%]
tests/core/test_corelib_cripto.py ....                                   [  1%]
tests/core/test_corelib_proceso.py ...                                   [  1%]
tests/core/test_corelib_pruebas.py ...                                   [  1%]
tests/core/test_corelib_regex.py ...                                     [  1%]
tests/core/test_corelib_registro.py ...                                  [  1%]
tests/core/test_corelib_ruta.py ...                                      [  1%]
tests/core/test_corelib_serializacion.py ...                             [  1%]
tests/core/test_corelib_temporal.py ...                                  [  1%]
tests/core/test_database.py ...                                          [  1%]
tests/core/test_import_utils.py ...                                      [  1%]
tests/core/test_resource_limits.py ....                                  [  1%]
tests/core/test_superficie_publica_canonica.py ......................... [  2%]
.................................................                        [  3%]
tests/core/test_usar_policy_nuevas_corelibs.py ......................... [  3%]
............                                                             [  4%]
tests/gui/test_app_import.py .                                           [  4%]
tests/gui/test_auto_suggestion_parser_contract.py ...............        [  4%]
tests/gui/test_gui_runtime_execution_scope.py ................           [  4%]
tests/gui/test_gui_runtime_local_modules.py .                            [  4%]
tests/gui/test_idle_packaging.py .....                                   [  4%]
tests/gui/test_idle_path_guards.py ......                                [  4%]
tests/gui/test_runtime_correccion_tipografica.py ....                    [  5%]
tests/gui/test_runtime_delete_safe.py ...........                        [  5%]
tests/gui/test_runtime_file_helpers.py ...............................   [  5%]
tests/gui/test_runtime_import_without_flet.py .                          [  5%]
tests/integration/reverse/test_from_java.py s                            [  5%]
tests/integration/reverse/test_from_js.py .                              [  5%]
tests/integration/test_agix_reasoner.py ...                              [  6%]
tests/integration/test_cli.py .....                                      [  6%]
tests/integration/test_cli_ayuda.py ..s..                                [  6%]
tests/integration/test_cli_debug_flag_traces.py ..                       [  6%]
tests/integration/test_cli_import.py .                                   [  6%]
tests/integration/test_cli_integration.py ....                           [  6%]
tests/integration/test_cli_public_help_contract.py ...........           [  6%]
tests/integration/test_cli_qa_validar_feature_gap_report.py .            [  6%]
tests/integration/test_cli_ui_v2.py ....                                 [  6%]
tests/integration/test_cli_validar_sintaxis.py ...                       [  6%]
tests/integration/test_cobra_installer_build.py ..                       [  6%]
tests/integration/test_cobra_wrapper.py .                                [  6%]
tests/integration/test_core_data_filter_callback.py ..                   [  6%]
tests/integration/test_cross_backend_output.py ..                        [  6%]
tests/integration/test_docs_command.py .                                 [  6%]
tests/integration/test_docs_generation.py s                              [  6%]
tests/integration/test_end_to_end.py .s                                  [  6%]
tests/integration/test_entrypoint_usar_export_policy_parity.py ...       [  7%]
tests/integration/test_execute_container.py .                            [  7%]
tests/integration/test_golden_corelibs_standard_library_tiers.py ..      [  7%]
tests/integration/test_holobit_tiers.py ................................ [  7%]
..................                                                       [  8%]
tests/integration/test_interactive_persistence.py .                      [  8%]
tests/integration/test_interpreter_loop_mutation_persistence.py .        [  8%]
tests/integration/test_interpreter_string_equality.py ..                 [  8%]
tests/integration/test_kernel_transpiler.py .                            [  8%]
tests/integration/test_pyinstaller_script.py s                           [  8%]
tests/integration/test_repl_entrypoint_numero_callable_output.py ....... [  8%]
......                                                                   [  8%]
tests/integration/test_repl_list_literal_eval_contract.py .............. [  8%]
...                                                                      [  8%]
tests/integration/test_repl_usar_entrypoints_contract.py ............... [  9%]
.......................F......................F......................... [ 10%]
....F...                                                                 [ 10%]
tests/integration/test_run_repl_equivalence.py F..............FF.......F [ 11%]
FFFFFFFF..FFFFFFF                                                        [ 11%]
tests/integration/test_runtime_go.py ss                                  [ 11%]
tests/integration/test_runtime_js.py ss.                                 [ 11%]
tests/integration/test_runtime_python.py ...                             [ 11%]
tests/integration/test_runtime_rust.py ...                               [ 11%]
tests/integration/test_standard_library_async.py ...                     [ 11%]
tests/integration/test_transpilador_syntax.py ...                        [ 11%]
tests/integration/test_transpiladores.py .                               [ 11%]
tests/integration/test_transpile_semantics.py .s.s                       [ 11%]
tests/integration/test_transpilers_generation.py .s.                     [ 12%]
tests/integration/test_usar_callback_cobra.py ..                         [ 12%]
tests/integration/test_usar_canonical_surface_contract.py .............. [ 12%]
............                                                             [ 12%]
tests/integration/test_usar_core_contract_full.py ............           [ 12%]
tests/integration/test_usar_export_sanitation.py .......F...             [ 13%]
tests/integration/test_usar_legacy_compatibility.py .                    [ 13%]
tests/integration/test_usar_project_modules.py ...................       [ 13%]
tests/integration/test_usar_public_contract_regression.py .............. [ 13%]
.............                                                            [ 14%]
tests/integration/test_usar_runtime_contract.py .....................    [ 14%]
tests/integration/test_usar_snippets.py .....F..F.                       [ 14%]
tests/integration/transpilers/test_backend_contract_canonical_fixtures.py . [ 14%]
..............                                                           [ 14%]
tests/integration/transpilers/test_backend_runtime_imports_minimal.py .. [ 14%]
.............                                                            [ 15%]
tests/integration/transpilers/test_decoradores_contract.py ............. [ 15%]
...................................................                      [ 16%]
tests/integration/transpilers/test_holobit_hooks_golden.py ...           [ 16%]
tests/integration/transpilers/test_language_equivalence_contract.py .... [ 16%]
................................                                         [ 17%]
tests/integration/transpilers/test_language_equivalence_feature_contracts.py . [ 17%]
......................................                                   [ 18%]
tests/integration/transpilers/test_library_compatibility_matrix.py ..... [ 18%]
................                                                         [ 18%]
tests/integration/transpilers/test_official_backends_contracts.py ...... [ 18%]
............                                                             [ 18%]
tests/integration/transpilers/test_official_backends_tier1.py .......... [ 19%]
................................                                         [ 19%]
tests/integration/transpilers/test_official_backends_tier2.py ssssssss.. [ 19%]
.                                                                        [ 19%]
tests/performance/test_transpile_time.py .                               [ 19%]
tests/test_backend_startup_policy.py ...........................         [ 20%]
tests/test_cli.py ..                                                     [ 20%]
tests/test_cli_entrypoint_imports.py F.FFFFFFFF                          [ 20%]
tests/test_cobra_extension_contract.py ..                                [ 20%]
tests/test_codeql_config.py .........                                    [ 20%]
tests/test_corelibs_argumentos.py .........                              [ 21%]
tests/test_corelibs_compresion.py ................                       [ 21%]
tests/test_corelibs_proceso.py F.....F                                   [ 21%]
tests/test_corelibs_ruta.py ...                                          [ 21%]
tests/test_corelibs_temporal.py .......                                  [ 21%]
tests/test_ejemplos_io.py ...................                            [ 22%]
tests/test_interactive_cmd_no_console.py 
__PYTEST_FULL_EXIT_CODE__=1
