============================= test session starts ==============================
platform linux -- Python 3.12.13, pytest-9.0.3, pluggy-1.6.0
rootdir: /workspace/pCobra
configfile: pyproject.toml
testpaths: tests
plugins: anyio-4.13.0, flet-0.86.1
collected 4977 items / 3 skipped

<Dir pCobra>
  <Package tests>
    <Dir cli>
      <Module test_bench_imports.py>
        <Function test_bench_cmd_import_uses_pcobra_module>
        <Function test_targets_policy_tomli_fallback>
        <Function test_bench_cmd_missing_dependency_reports_real_module>
      <Module test_cli_alias_registration.py>
        <Function test_aliases_legacy_de_paquete_en_parser_oculto_v2_publico>
        <Function test_comandos_recomendados_de_hub_en_parser_oculto_v2_publico>
        <Function test_comandos_legacy_de_modulos_siguen_registrados_en_perfil_desarrollo_v1>
      <Module test_cli_imports.py>
        <Function test_import_pcobra_cli_no_depende_de_scripts_runtime>
        <Function test_import_canonical_cli_application_no_module_not_found_scripts>
        <Function test_import_cli_application_no_precarga_modulos_de_comandos>
        <Function test_cli_application_prepare_parser_carga_comandos_sin_imports_rotos>
      <Module test_public_v2_commands_contract.py>
        <Function test_app_config_v2_routes_keep_development_compat_commands>
        <Function test_app_config_v2_routes_include_repl_command_v2>
        <Function test_app_config_v2_routes_do_not_expose_interactive_as_public_command>
        <Function test_public_v2_subcommands_match_contract_exactly>
        <Function test_development_v2_subcommands_keep_compat_commands>
        <Function test_cli_public_backend_policy_is_exact>
        <Function test_public_backend_policy_excludes_retired_targets>
        <Function test_public_v2_commands_do_not_register_retired_backend_names>
      <Module test_repl_error_recovery_contract.py>
        <Function test_repl_bloque_incompleto_con_fin_anidado_sigue_acumulando>
        <Function test_repl_error_sintactico_por_cierre_extra_reporta_y_acepta_nuevas_entradas>
        <Function test_repl_error_runtime_no_cierra_sesion_y_permite_recuperacion>
        <Function test_repl_usar_errores_esperados_solo_mensaje_breve_sin_traceback[usar "numpy"-exc0]>
        <Function test_repl_usar_errores_esperados_solo_mensaje_breve_sin_traceback[usar "datos"-exc1]>
        <Function test_repl_usar_errores_esperados_solo_mensaje_breve_sin_traceback[usar "texto"-exc2]>
        <Function test_repl_usar_errores_esperados_solo_mensaje_breve_sin_traceback[usar "numero"-exc3]>
        <Function test_repl_usar_error_debug_incluye_traceback>
      <Module test_repl_script_parity_contract.py>
        <Function test_paridad_script_vs_repl_mientras_asignaciones_y_retorno_observable>
        <Function test_paridad_error_identificador_no_declarado_en_script_y_repl>
        <Function test_paridad_script_vs_repl_con_snippets_secuenciales_y_estado_final>
        <Function test_run_script_no_interrumpe_secuencia_con_asignacion_var_variable>
        <Function test_paridad_script_vs_repl_con_error_en_snippet_secuencial>
        <Function test_paridad_script_vs_repl_bloque_anidado_mientras_con_si_y_fin>
        <Function test_repl_v2_preserva_estado_entre_entradas_sin_recrear_interpretador>
        <Function test_repl_v2_detecta_bloque_anidado_completo_solo_por_parser>
        <Function test_repl_v2_echo_expresiones_y_estado_persistente_en_entradas_secuenciales>
        <Function test_repl_v2_reporta_error_real_en_expresion_con_variable_no_declarada>
        <Function test_repl_v2_no_altera_semantica_en_statements_var_imprimir_y_si_fin>
        <Function test_repl_incremental_var_var_imprimir_sin_regresion_cse_y_estado_final>
        <Function test_repl_incremental_con_bloque_si_comparte_estado_y_sin_regresion_cse>
        <Function test_repl_v2_conserva_variables_tras_error_intermedio_real>
        <Function test_repl_v2_fallback_expresion_sin_duplicar_y_nameerror_real>
        <Function test_repl_v2_regresion_var_21_y_expresion_usa_misma_sesion>
        <Function test_repl_v2_regresion_bloque_si_muta_variable_y_persiste_fuera>
        <Function test_paridad_run_y_repl_usar_archivo_habilita_existe_rutas_relativas>
        <Function test_paridad_run_y_repl_sin_usar_archivo_no_habilita_existe>
      <Module test_runtime_imports_contract.py>
        <Function test_cli_import_contract_usa_solo_backends_publicos>
        <Function test_politica_publica_targets_falla_si_hay_targets_extra>
        <Function test_obtener_url_texto_se_puede_importar_desde_corelibs>
    <Package core>
      <Module test_corelib_argumentos.py>
        <Function test_import_directo_y_all_presente>
        <Function test_parsear_pares_y_obtener_opcion_exitoso>
        <Function test_obtener_argumentos_rechaza_texto_plano>
      <Module test_corelib_compresion.py>
        <Function test_import_directo_y_all_presente>
        <Function test_crear_listar_y_extraer_zip_con_tmp_path>
        <Function test_extraer_zip_rechaza_path_traversal>
      <Module test_corelib_configuracion.py>
        <Function test_import_directo_y_all_presente>
        <Function test_leer_ini_y_configuracion_con_tmp_path>
        <Function test_extension_no_soportada_lanza_value_error>
      <Module test_corelib_cripto.py>
        <Function test_import_directo_y_all_presente>
        <Function test_hash_y_token_hexadecimal_exitosos>
        <Function test_token_rechaza_tamano_no_positivo>
        <Function test_comparar_seguro_delega_en_compare_digest>
      <Module test_corelib_proceso.py>
        <Function test_import_directo_y_all_presente>
        <Function test_ejecutar_python_portable_ok>
        <Function test_argumentos_texto_plano_lanza_type_error>
      <Module test_corelib_pruebas.py>
        <Function test_import_directo_y_all_presente>
        <Function test_aserciones_principales_exitosas>
        <Function test_igual_distinto_lanza_assertion_error>
      <Module test_corelib_regex.py>
        <Function test_import_directo_y_all_presente>
        <Function test_buscar_reemplazar_y_encontrar_todos_exitosos>
        <Function test_patron_invalido_lanza_value_error>
      <Module test_corelib_registro.py>
        <Function test_import_directo_y_all_presente>
        <Function test_configurar_registro_en_archivo_temporal>
        <Function test_configurar_nivel_invalido_lanza_value_error>
      <Module test_corelib_ruta.py>
        <Function test_import_directo_y_all_presente>
        <Function test_unir_y_relativa_multiplataforma>
        <Function test_unir_rechaza_partes_vacias>
      <Module test_corelib_serializacion.py>
        <Function test_import_directo_y_all_presente>
        <Function test_json_y_csv_exitosos_con_tmp_path>
        <Function test_decodificar_json_invalido_lanza_error>
      <Module test_corelib_temporal.py>
        <Function test_import_directo_y_all_presente>
        <Function test_archivo_y_directorio_temporal_se_limpian>
        <Function test_limpiar_rechaza_ruta_vacia>
      <Module test_database.py>
        <Function test_tables_created_on_first_connection>
        <Function test_store_and_load_ast_roundtrip>
        <Function test_save_qualia_state_smoke>
      <Module test_import_utils.py>
        <Function test_cargar_ast_modulo_rechaza_co_sin_invocar_lexer>
        <Function test_obtener_simbolos_invalida_cache_si_cambia_archivo>
        <Function test_obtener_simbolos_reintenta_si_archivo_cambia_entre_fingerprint_y_parseo>
      <Module test_resource_limits.py>
        <Function test_limitar_memoria_sin_resource_y_psutil_sin_rlimit>
        <Function test_limitar_cpu_sin_resource_y_psutil_sin_rlimit>
        <Function test_limitar_memoria_no_usa_resource_ni_psutil_en_linux>
        <Function test_limitar_cpu_no_usa_resource_ni_psutil_en_linux>
      <Module test_superficie_publica_canonica.py>
        <Function test_superficie_publica_solo_espanol_y_sin_prohibidos[numero]>
        <Function test_superficie_publica_solo_espanol_y_sin_prohibidos[texto]>
        <Function test_superficie_publica_solo_espanol_y_sin_prohibidos[datos]>
        <Function test_superficie_publica_solo_espanol_y_sin_prohibidos[logica]>
        <Function test_superficie_publica_solo_espanol_y_sin_prohibidos[asincrono]>
        <Function test_superficie_publica_solo_espanol_y_sin_prohibidos[sistema]>
        <Function test_superficie_publica_solo_espanol_y_sin_prohibidos[archivo]>
        <Function test_superficie_publica_solo_espanol_y_sin_prohibidos[tiempo]>
        <Function test_superficie_publica_solo_espanol_y_sin_prohibidos[red]>
        <Function test_superficie_publica_solo_espanol_y_sin_prohibidos[holobit]>
        <Function test_superficie_publica_solo_espanol_y_sin_prohibidos[ruta]>
        <Function test_superficie_publica_solo_espanol_y_sin_prohibidos[serializacion]>
        <Function test_superficie_publica_solo_espanol_y_sin_prohibidos[proceso]>
        <Function test_superficie_publica_solo_espanol_y_sin_prohibidos[registro]>
        <Function test_superficie_publica_solo_espanol_y_sin_prohibidos[argumentos]>
        <Function test_superficie_publica_solo_espanol_y_sin_prohibidos[pruebas]>
        <Function test_superficie_publica_solo_espanol_y_sin_prohibidos[temporal]>
        <Function test_superficie_publica_solo_espanol_y_sin_prohibidos[cripto]>
        <Function test_superficie_publica_solo_espanol_y_sin_prohibidos[regex]>
        <Function test_superficie_publica_solo_espanol_y_sin_prohibidos[compresion]>
        <Function test_superficie_publica_solo_espanol_y_sin_prohibidos[configuracion]>
        <Function test_superficie_canonia_requiere_funciones_minimas[numero-contrato0]>
        <Function test_superficie_canonia_requiere_funciones_minimas[texto-contrato1]>
        <Function test_superficie_canonia_requiere_funciones_minimas[datos-contrato2]>
        <Function test_superficie_canonia_requiere_funciones_minimas[logica-contrato3]>
        <Function test_superficie_canonia_requiere_funciones_minimas[asincrono-contrato4]>
        <Function test_superficie_canonia_requiere_funciones_minimas[sistema-contrato5]>
        <Function test_superficie_canonia_requiere_funciones_minimas[archivo-contrato6]>
        <Function test_superficie_canonia_requiere_funciones_minimas[tiempo-contrato7]>
        <Function test_superficie_canonia_requiere_funciones_minimas[red-contrato8]>
        <Function test_superficie_canonia_requiere_funciones_minimas[holobit-contrato9]>
        <Function test_superficie_canonia_requiere_funciones_minimas[ruta-contrato10]>
        <Function test_superficie_canonia_requiere_funciones_minimas[serializacion-contrato11]>
        <Function test_superficie_canonia_requiere_funciones_minimas[proceso-contrato12]>
        <Function test_superficie_canonia_requiere_funciones_minimas[registro-contrato13]>
        <Function test_superficie_canonia_requiere_funciones_minimas[argumentos-contrato14]>
        <Function test_superficie_canonia_requiere_funciones_minimas[pruebas-contrato15]>
        <Function test_superficie_canonia_requiere_funciones_minimas[temporal-contrato16]>
        <Function test_superficie_canonia_requiere_funciones_minimas[cripto-contrato17]>
        <Function test_superficie_canonia_requiere_funciones_minimas[regex-contrato18]>
        <Function test_superficie_canonia_requiere_funciones_minimas[compresion-contrato19]>
        <Function test_superficie_canonia_requiere_funciones_minimas[configuracion-contrato20]>
        <Function test_aliases_controlados_por_contrato[numero-aliases0]>
        <Function test_aliases_controlados_por_contrato[texto-aliases1]>
        <Function test_aliases_controlados_por_contrato[datos-aliases2]>
        <Function test_aliases_controlados_por_contrato[logica-aliases3]>
        <Function test_aliases_controlados_por_contrato[asincrono-aliases4]>
        <Function test_aliases_controlados_por_contrato[sistema-aliases5]>
        <Function test_aliases_controlados_por_contrato[archivo-aliases6]>
        <Function test_aliases_controlados_por_contrato[tiempo-aliases7]>
        <Function test_aliases_controlados_por_contrato[red-aliases8]>
        <Function test_aliases_controlados_por_contrato[holobit-aliases9]>
        <Function test_aliases_controlados_por_contrato[ruta-aliases10]>
        <Function test_aliases_controlados_por_contrato[serializacion-aliases11]>
        <Function test_aliases_controlados_por_contrato[proceso-aliases12]>
        <Function test_aliases_controlados_por_contrato[registro-aliases13]>
        <Function test_aliases_controlados_por_contrato[argumentos-aliases14]>
        <Function test_aliases_controlados_por_contrato[pruebas-aliases15]>
        <Function test_aliases_controlados_por_contrato[temporal-aliases16]>
        <Function test_aliases_controlados_por_contrato[cripto-aliases17]>
        <Function test_aliases_controlados_por_contrato[regex-aliases18]>
        <Function test_aliases_controlados_por_contrato[compresion-aliases19]>
        <Function test_aliases_controlados_por_contrato[configuracion-aliases20]>
        <Function test_override_runtime_sin_simbolos_prohibidos[numero-exportes0]>
        <Function test_override_runtime_sin_simbolos_prohibidos[texto-exportes1]>
        <Function test_override_runtime_sin_simbolos_prohibidos[datos-exportes2]>
        <Function test_override_runtime_sin_simbolos_prohibidos[logica-exportes3]>
        <Function test_override_runtime_sin_simbolos_prohibidos[asincrono-exportes4]>
        <Function test_override_runtime_sin_simbolos_prohibidos[sistema-exportes5]>
        <Function test_override_runtime_sin_simbolos_prohibidos[archivo-exportes6]>
        <Function test_override_runtime_sin_simbolos_prohibidos[tiempo-exportes7]>
        <Function test_override_runtime_sin_simbolos_prohibidos[red-exportes8]>
        <Function test_override_runtime_sin_simbolos_prohibidos[holobit-exportes9]>
        <Function test_texto_override_runtime_expuesto_por_modulo_mapeado>
      <Module test_usar_policy_nuevas_corelibs.py>
        <Function test_alias_nueva_corelib_cumple_contrato_publico_y_modulo_importable[ruta]>
        <Function test_alias_nueva_corelib_cumple_contrato_publico_y_modulo_importable[serializacion]>
        <Function test_alias_nueva_corelib_cumple_contrato_publico_y_modulo_importable[proceso]>
        <Function test_alias_nueva_corelib_cumple_contrato_publico_y_modulo_importable[registro]>
        <Function test_alias_nueva_corelib_cumple_contrato_publico_y_modulo_importable[argumentos]>
        <Function test_alias_nueva_corelib_cumple_contrato_publico_y_modulo_importable[pruebas]>
        <Function test_alias_nueva_corelib_cumple_contrato_publico_y_modulo_importable[temporal]>
        <Function test_alias_nueva_corelib_cumple_contrato_publico_y_modulo_importable[cripto]>
        <Function test_alias_nueva_corelib_cumple_contrato_publico_y_modulo_importable[regex]>
        <Function test_alias_nueva_corelib_cumple_contrato_publico_y_modulo_importable[compresion]>
        <Function test_alias_nueva_corelib_cumple_contrato_publico_y_modulo_importable[configuracion]>
        <Function test_contrato_superficie_nueva_corelib_coincide_exactamente_con_all[ruta]>
        <Function test_contrato_superficie_nueva_corelib_coincide_exactamente_con_all[serializacion]>
        <Function test_contrato_superficie_nueva_corelib_coincide_exactamente_con_all[proceso]>
        <Function test_contrato_superficie_nueva_corelib_coincide_exactamente_con_all[registro]>
        <Function test_contrato_superficie_nueva_corelib_coincide_exactamente_con_all[argumentos]>
        <Function test_contrato_superficie_nueva_corelib_coincide_exactamente_con_all[pruebas]>
        <Function test_contrato_superficie_nueva_corelib_coincide_exactamente_con_all[temporal]>
        <Function test_contrato_superficie_nueva_corelib_coincide_exactamente_con_all[cripto]>
        <Function test_contrato_superficie_nueva_corelib_coincide_exactamente_con_all[regex]>
        <Function test_contrato_superficie_nueva_corelib_coincide_exactamente_con_all[compresion]>
        <Function test_contrato_superficie_nueva_corelib_coincide_exactamente_con_all[configuracion]>
        <Function test_repl_resuelve_nueva_corelib_con_nodo_usar_sin_parser_lexer[ruta]>
        <Function test_repl_resuelve_nueva_corelib_con_nodo_usar_sin_parser_lexer[serializacion]>
        <Function test_repl_resuelve_nueva_corelib_con_nodo_usar_sin_parser_lexer[proceso]>
        <Function test_repl_resuelve_nueva_corelib_con_nodo_usar_sin_parser_lexer[registro]>
        <Function test_repl_resuelve_nueva_corelib_con_nodo_usar_sin_parser_lexer[argumentos]>
        <Function test_repl_resuelve_nueva_corelib_con_nodo_usar_sin_parser_lexer[pruebas]>
        <Function test_repl_resuelve_nueva_corelib_con_nodo_usar_sin_parser_lexer[temporal]>
        <Function test_repl_resuelve_nueva_corelib_con_nodo_usar_sin_parser_lexer[cripto]>
        <Function test_repl_resuelve_nueva_corelib_con_nodo_usar_sin_parser_lexer[regex]>
        <Function test_repl_resuelve_nueva_corelib_con_nodo_usar_sin_parser_lexer[compresion]>
        <Function test_repl_resuelve_nueva_corelib_con_nodo_usar_sin_parser_lexer[configuracion]>
        <Function test_usar_modulo_inexistente_falla_con_excepcion_controlada>
        <Function test_usar_datos_expone_filtrar_callable_sin_callback_cobra>
        <Function test_corelibs_datos_mapear_permanece_wrapper_de_standard_library>
        <Function test_usar_datos_apunta_a_standard_library_y_loader_importa_nombre_correcto>
    <Dir gui>
      <Module test_app_import.py>
        <Function test_main_se_resuelve_sin_name_error>
      <Module test_auto_suggestion_parser_contract.py>
        <Function test_recomendaciones_gui_solo_proponen_fragmentos_aceptados_por_parser[retorno-en-funciones-prefiere-forma-canonica]>
        <Function test_recomendaciones_gui_solo_proponen_fragmentos_aceptados_por_parser[regla-usar-sin-alias-como]>
        <Function test_recomendaciones_gui_solo_proponen_fragmentos_aceptados_por_parser[regla-func-no-funcion]>
        <Function test_recomendaciones_gui_cubren_ejemplos_invalidos_sin_ampliar_parser[regla-usar-sin-alias-como]>
        <Function test_recomendaciones_gui_cubren_ejemplos_invalidos_sin_ampliar_parser[regla-func-no-funcion]>
        <Function test_recomendaciones_gui_cubren_casos_aceptados_no_recomendados[retorno-en-funciones-prefiere-forma-canonica]>
        <Function test_reporte_sugerencias_no_invoca_motor_ia_si_lexer_o_parser_fallan[corta-si-falla-lexer]>
        <Function test_reporte_sugerencias_no_invoca_motor_ia_si_lexer_o_parser_fallan[corta-si-falla-parser]>
        <Function test_reporte_sugerencias_codigo_valido_agrupa_por_categorias_del_libro>
        <Function test_reglas_libro_programacion_nuevas_cubren_casos_validos_e_invalidos[regla-retorno-prefiere-retorno-sobre-retornar]>
        <Function test_reglas_libro_programacion_nuevas_cubren_casos_validos_e_invalidos[regla-funciones-no-funcion]>
        <Function test_reglas_libro_programacion_nuevas_cubren_casos_validos_e_invalidos[regla-usar-sin-alias-como]>
        <Function test_reglas_libro_programacion_declaran_fragmentos_soportados_por_parser>
        <Function test_regla_retorno_canonico_acepta_retorno_y_retornar_pero_prefiere_retorno>
        <Function test_regla_funciones_con_func_cubre_caso_invalido_real>
      <Module test_gui_runtime_execution_scope.py>
        <Function test_ejecutar_codigo_permite_asignaciones_en_mismo_fragmento[x = 123\nimprimir(x)-123]>
        <Function test_ejecutar_codigo_permite_asignaciones_en_mismo_fragmento[x = "hola"\nimprimir(x)-hola]>
        <Function test_ejecutar_codigo_permite_asignaciones_en_mismo_fragmento[numeros = [1, 2, 3, 4]\nimprimir(numeros)-[1, 2, 3, 4]]>
        <Function test_ejecutar_codigo_variable_inexistente_sigue_fallando>
        <Function test_ejecutar_codigo_carga_exports_de_datos_sin_importerror>
        <Function test_ejecutar_codigo_usar_datos_expone_longitud_para_listas>
        <Function test_ejecutar_codigo_usar_numero_expone_es_finito_en_ruta_gui_runtime>
        <Function test_core_stdlib_usar_exports_datos_001_inyecta_filtrar_callable>
        <Function test_core_data_filter_callback_001_llamada_directa_a_funcion_cobra>
        <Function test_core_data_filter_callback_001_funcion_cobra_como_valor_callable>
        <Function test_core_data_filter_callback_001_identificador_funcion_no_es_variable_inexistente>
        <Function test_core_data_filter_callback_001_poc_filtrar_con_callback_cobra>
        <Function test_core_data_mapear_callback_contract_001_poc_mapear_con_callback_cobra>
        <Function test_core_data_callbacks_mapear_y_filtrar_convivencia_en_gui_runtime>
        <Function test_ejecutar_codigo_modulo_inexistente_falla_controladamente>
        <Function test_ejecutar_codigo_soporta_bucle_para>
      <Module test_gui_runtime_local_modules.py>
        <Function test_handler_gui_resuelve_modulo_local_desde_archivo_activo>
      <Module test_idle_packaging.py>
        <Function test_boton_empaquetar_detecta_proyecto_pide_opciones_y_muestra_progreso>
        <Function test_abrir_carpeta_dist_usa_lanzador_del_sistema>
        <Function test_idle_advierte_si_no_puede_abrir_dist>
        <Function test_idle_pide_confirmacion_antes_de_instalar_pyinstaller>
        <Function test_idle_no_importa_modulos_internos_de_cobra_installer>
      <Module test_idle_path_guards.py>
        <Function test_resolver_ruta_en_project_root_acepta_ruta_relativa_normal>
        <Function test_resolver_ruta_en_project_root_bloquea_parent_directory>
        <Function test_resolver_ruta_en_project_root_bloquea_absoluta_fuera_de_project_root>
        <Function test_validar_ruta_carpeta_eliminable_idle_bloquea_punto_como_carpeta_normal>
        <Function test_validar_ruta_carpeta_eliminable_idle_bloquea_workspace_root>
        <Function test_validar_project_root_eliminable_idle_exige_proyecto_activo_existente>
      <Module test_runtime_correccion_tipografica.py>
        <Function test_correccion_codigo_valido_muestra_sugerencias_detalladas>
        <Function test_correccion_codigo_invalido_bloquea_motor_por_parser>
        <Function test_correccion_motor_ia_no_disponible>
        <Function test_correccion_formato_de_salida_agrupado>
      <Module test_runtime_delete_safe.py>
        <Function test_eliminar_archivo_validado_borra_archivo_existente>
        <Function test_eliminar_archivo_validado_rechaza_directorio>
        <Function test_eliminar_archivo_validado_rechaza_archivo_inexistente>
        <Function test_eliminar_directorio_validado_borra_carpeta_existente>
        <Function test_eliminar_directorio_validado_rechaza_archivo>
        <Function test_eliminar_directorio_validado_rechaza_carpeta_inexistente>
        <Function test_eliminar_proyecto_validado_borra_proyecto_hijo_directo_de_workspace>
        <Function test_eliminar_proyecto_validado_rechaza_project_root_igual_a_workspace_root>
        <Function test_eliminar_proyecto_validado_rechaza_proyecto_cuyo_parent_no_es_workspace_root>
        <Function test_eliminar_proyecto_validado_rechaza_ruta_inexistente>
        <Function test_eliminar_proyecto_validado_rechaza_archivo>
      <Module test_runtime_file_helpers.py>
        <Function test_resolver_workspace_root_idle_crea_cobra_projects_dir_configurado>
        <Function test_resolver_workspace_root_idle_crea_cobraprojects_en_home_sin_env>
        <Function test_es_archivo_cobra_prioriza_extensiones_documentadas>
        <Function test_listar_directorio_idle_incluye_auxiliares_y_ordena>
        <Function test_listar_directorio_cobra_delega_en_politica_idle>
        <Function test_listar_directorio_idle_muestra_desconocidos_por_defecto_y_permite_ocultarlos>
        <Function test_construir_entradas_directorio_muestra_readme_markdown>
        <Function test_resolver_ruta_archivo_en_project_root_acepta_cobra_y_normaliza_sin_extension[src/programa-src/programa.cobra]>
        <Function test_resolver_ruta_archivo_en_project_root_acepta_cobra_y_normaliza_sin_extension[src/programa.cobra-src/programa.cobra]>
        <Function test_resolver_ruta_archivo_en_project_root_rechaza_extension_ajena_txt>
        <Function test_resolver_ruta_texto_en_project_root_no_agrega_extension_ni_exige_cobra>
        <Function test_resolver_ruta_texto_en_project_root_bloquea_escapes_y_symlinks>
        <Function test_resolver_ruta_texto_en_project_root_rechaza_directorios>
        <Function test_escribir_archivo_texto_no_parsea_ni_modifica_contenido>
        <Function test_escribir_archivo_texto_escribe_una_sola_vez>
        <Function test_escribir_archivo_texto_propaga_ruta_inexistente>
        <Function test_parse_missing_target_detecta_modulo_faltante_con_accion_dependencia>
        <Function test_parse_missing_target_detecta_simbolo_faltante_en_import_local>
        <Function test_ejecutar_codigo_usa_dependencias_gui_y_captura_stdout_stderr>
        <Function test_helpers_archivo_cubren_nuevo_abrir_guardar_como_guardar_y_recargar>
        <Function test_cargar_archivo_desde_arbol_reusa_apertura_y_valida_extension>
        <Function test_archivo_desconocido_se_abre_como_texto_sin_lexer_parser>
        <Function test_validar_project_root_idle_rechaza_carpetas_internas_del_repo[ruta_relativa0-la ra\xedz del repositorio]>
        <Function test_validar_project_root_idle_rechaza_carpetas_internas_del_repo[ruta_relativa1-src/]>
        <Function test_validar_project_root_idle_rechaza_carpetas_internas_del_repo[ruta_relativa2-src/pcobra/]>
        <Function test_validar_project_root_idle_rechaza_carpetas_internas_del_repo[ruta_relativa3-src/pcobra/gui/]>
        <Function test_validar_project_root_idle_acepta_carpeta_de_proyecto_externa>
        <Function test_idle_abrir_proyecto_rechaza_carpetas_internas_del_repo[ruta_relativa0-la ra\xedz del repositorio]>
        <Function test_idle_abrir_proyecto_rechaza_carpetas_internas_del_repo[ruta_relativa1-src/]>
        <Function test_idle_abrir_proyecto_rechaza_carpetas_internas_del_repo[ruta_relativa2-src/pcobra/]>
        <Function test_idle_abrir_proyecto_rechaza_carpetas_internas_del_repo[ruta_relativa3-src/pcobra/gui/]>
      <Module test_runtime_import_without_flet.py>
        <Function test_runtime_import_no_requiere_flet>
    <Package integration>
      <Package reverse>
        <Module test_from_java.py>
          <Function test_reverse_from_java_constructs>
        <Module test_from_js.py>
          <Function test_reverse_from_js_constructs>
      <Module test_agix_reasoner.py>
        <Function test_analizador_importa_distribucion_real_sin_aliases_ficticios>
        <Function test_analizador_sin_paquete_agix_mantiene_mensaje_estable>
        <Function test_agix_reasoner_selects_best_model>
      <Module test_cli.py>
        <Function test_cli_help>
        <Function test_modulos_instalar_ruta_no_archivo>
        <Function test_modulos_instalar_extension_invalida>
        <Function test_modulos_instalar_enlace_simbolico>
        <Function test_cache_command_clears_database>
      <Module test_cli_ayuda.py>
        <Function test_cobra_ayuda_equivalente_help>
        <Function test_cobra_version_funciona_sin_sqlite_db_key>
        <Function test_cobra_compilar_help_muestra_exactamente_8_targets_canonicos_por_tier>
        <Function test_cobra_help_documenta_separacion_de_modos_en_snapshot>
        <Function test_cobra_help_snapshot_publico_no_expone_comandos_legacy>
      <Module test_cli_debug_flag_traces.py>
        <Function test_cli_sin_debug_no_emite_trazas_internas>
        <Function test_cli_con_debug_emite_trazas_internas>
      <Module test_cli_import.py>
        <Function test_cli_import_help>
      <Module test_cli_integration.py>
        <Function test_ejecutar_modo_normal>
        <Function test_jupyter_command>
        <Function test_docs_command>
        <Function test_ejecutar_sandbox>
      <Module test_cli_public_help_contract.py>
        <Function test_cli_early_global_help_exposes_exact_public_commands>
        <Function test_cobra_entrypoint_early_help_exposes_exact_public_commands>
        <Function test_cli_public_commands_contract_is_stable>
        <Function test_cli_public_commands_contract_keeps_repl_as_official_command>
        <Function test_cli_ui_v2_registra_repl_oficial_y_no_alias_interactive_legacy>
        <Function test_cli_public_profile_does_not_register_extended_choices>
        <Function test_cli_help_public_contract_snapshot>
        <Function test_cli_build_help_public_contract_no_expone_flags_backend>
        <Function test_cli_public_invalid_extended_commands_do_not_appear_as_choices>
        <Function test_cli_public_hidden_compat_commands_are_callable_but_not_main_help>
        <Function test_cli_help_public_contract_muestra_warning_migracion_en_comando_legacy>
      <Module test_cli_qa_validar_feature_gap_report.py>
        <Function test_cli_qa_validar_exporta_feature_gap_report_json_estable>
      <Module test_cli_ui_v2.py>
        <Function test_cli_ui_v2_help_snapshot_publico_no_expone_legacy>
        <Function test_cli_ui_v2_help_publico_no_expone_comandos_internos_con_flag_interno>
        <Function test_cli_ui_v2_sin_flag_no_registra_legacy>
        <Function test_cli_ui_v2_modo_desarrollo_no_expone_legacy_sin_flag_interno>
      <Module test_cli_validar_sintaxis.py>
        <Function test_cli_validar_sintaxis_exit_code_ok_y_propagacion_argumentos>
        <Function test_cli_validar_sintaxis_exit_code_error_cuando_hay_fallos>
        <Function test_cli_validar_sintaxis_solo_cobra_por_flag>
      <Module test_cobra_installer_build.py>
        <Function test_installer_build_parametriza_modo_y_genera_manifest_sin_pyinstaller_real[onedir-expected_artifact0-spec_assertions0]>
        <Function test_installer_build_parametriza_modo_y_genera_manifest_sin_pyinstaller_real[onefile-expected_artifact1-spec_assertions1]>
      <Module test_cobra_wrapper.py>
        <Function test_wrapper_ejecuta_entry_point_instalado_sin_importar_checkout>
      <Module test_core_data_filter_callback.py>
        <Function test_filtrar_acepta_tabla_declarada_con_var_antes_del_callback>
        <Function test_filtrar_callback_no_declarado_falla_antes_de_stdlib>
      <Module test_cross_backend_output.py>
        <Function test_cross_backend_output[transpiler_case0]>
        <Function test_cross_backend_output_experimental_best_effort[transpiler_case0]>
      <Module test_docs_command.py>
        <Function test_docs_command_sin_sphinx_no_falla_por_rutas>
      <Module test_docs_generation.py>
        <Function test_docs_generation>
      <Module test_end_to_end.py>
        <Function test_end_to_end[python]>
        <Function test_end_to_end[javascript]>
      <Module test_entrypoint_usar_export_policy_parity.py>
        <Function test_usar_export_policy_rechaza_simbolos_privados[InterpretadorCobra0]>
        <Function test_usar_export_policy_rechaza_simbolos_privados[InterpretadorCobra1]>
        <Function test_entrypoints_interpreter_comparten_clase_canonica>
      <Module test_execute_container.py>
        <Function test_execute_en_contenedor>
      <Module test_golden_corelibs_standard_library_tiers.py>
        <Function test_corelibs_standard_library_markers_por_tier_en_goldens[tier1-golden_file0]>
        <Function test_corelibs_standard_library_markers_por_tier_en_goldens[tier2-golden_file1]>
      <Module test_holobit_tiers.py>
        <Function test_particion_oficial_de_tiers_permanece_como_fuente_unica>
        <Function test_holobit_cobertura_por_tier[holobit-tier1]>
        <Function test_holobit_cobertura_por_tier[holobit-tier2]>
        <Function test_holobit_cobertura_por_tier[graficar-tier1]>
        <Function test_holobit_cobertura_por_tier[graficar-tier2]>
        <Function test_holobit_cobertura_por_tier[proyectar-tier1]>
        <Function test_holobit_cobertura_por_tier[proyectar-tier2]>
        <Function test_holobit_cobertura_por_tier[transformar-tier1]>
        <Function test_holobit_cobertura_por_tier[transformar-tier2]>
        <Function test_matriz_compatibilidad_respeta_minimo_contractual_por_backend[python]>
        <Function test_matriz_compatibilidad_respeta_minimo_contractual_por_backend[javascript]>
        <Function test_matriz_compatibilidad_respeta_minimo_contractual_por_backend[rust]>
        <Function test_runtime_import_smoke_por_backend[corelibs-python]>
        <Function test_runtime_import_smoke_por_backend[corelibs-javascript]>
        <Function test_runtime_import_smoke_por_backend[corelibs-rust]>
        <Function test_runtime_import_smoke_por_backend[standard_library-python]>
        <Function test_runtime_import_smoke_por_backend[standard_library-javascript]>
        <Function test_runtime_import_smoke_por_backend[standard_library-rust]>
        <Function test_runtime_hooks_cobra_smoke_por_backend[python]>
        <Function test_runtime_hooks_cobra_smoke_por_backend[javascript]>
        <Function test_runtime_hooks_cobra_smoke_por_backend[rust]>
        <Function test_runtime_hooks_incluyen_mensajes_contractuales_por_backend[python]>
        <Function test_runtime_hooks_incluyen_mensajes_contractuales_por_backend[javascript]>
        <Function test_runtime_hooks_incluyen_mensajes_contractuales_por_backend[rust]>
        <Function test_hooks_runtime_respetan_nivel_full_partial_de_matriz[holobit-python]>
        <Function test_hooks_runtime_respetan_nivel_full_partial_de_matriz[holobit-javascript]>
        <Function test_hooks_runtime_respetan_nivel_full_partial_de_matriz[holobit-rust]>
        <Function test_hooks_runtime_respetan_nivel_full_partial_de_matriz[proyectar-python]>
        <Function test_hooks_runtime_respetan_nivel_full_partial_de_matriz[proyectar-javascript]>
        <Function test_hooks_runtime_respetan_nivel_full_partial_de_matriz[proyectar-rust]>
        <Function test_hooks_runtime_respetan_nivel_full_partial_de_matriz[transformar-python]>
        <Function test_hooks_runtime_respetan_nivel_full_partial_de_matriz[transformar-javascript]>
        <Function test_hooks_runtime_respetan_nivel_full_partial_de_matriz[transformar-rust]>
        <Function test_hooks_runtime_respetan_nivel_full_partial_de_matriz[graficar-python]>
        <Function test_hooks_runtime_respetan_nivel_full_partial_de_matriz[graficar-javascript]>
        <Function test_hooks_runtime_respetan_nivel_full_partial_de_matriz[graficar-rust]>
        <Function test_only_python_es_full_para_holobit_y_runtime_base>
        <Function test_sdk_full_y_partial_se_mantienen_como_particion_exacta_de_official_targets>
        <Function test_backends_partial_declaran_gaps_explicitos_por_feature[python]>
        <Function test_backends_partial_declaran_gaps_explicitos_por_feature[javascript]>
        <Function test_backends_partial_declaran_gaps_explicitos_por_feature[rust]>
        <Function test_backends_declaran_notas_explicitas_y_trazables[python]>
        <Function test_backends_declaran_notas_explicitas_y_trazables[javascript]>
        <Function test_backends_declaran_notas_explicitas_y_trazables[rust]>
        <Function test_escalar_y_mover_se_preservan_como_llamadas_pero_no_se_tratan_como_contrato[escalar-python]>
        <Function test_escalar_y_mover_se_preservan_como_llamadas_pero_no_se_tratan_como_contrato[escalar-javascript]>
        <Function test_escalar_y_mover_se_preservan_como_llamadas_pero_no_se_tratan_como_contrato[escalar-rust]>
        <Function test_escalar_y_mover_se_preservan_como_llamadas_pero_no_se_tratan_como_contrato[mover-python]>
        <Function test_escalar_y_mover_se_preservan_como_llamadas_pero_no_se_tratan_como_contrato[mover-javascript]>
        <Function test_escalar_y_mover_se_preservan_como_llamadas_pero_no_se_tratan_como_contrato[mover-rust]>
      <Module test_interactive_persistence.py>
        <Function test_interactive_persistence>
      <Module test_interpreter_loop_mutation_persistence.py>
        <Function test_mutacion_en_loop_persiste_entre_iteraciones_y_fuera_del_bucle>
      <Module test_interpreter_string_equality.py>
        <Function test_igualdad_cadenas_hola_hola_es_verdadero>
        <Function test_igualdad_cadenas_hola_adios_es_falso>
      <Module test_kernel_transpiler.py>
        <Function test_kernel_transpiler_mode>
      <Module test_pyinstaller_script.py>
        <Function test_pyinstaller_script>
      <Module test_repl_entrypoint_numero_callable_output.py>
        <Function test_entrypoint_repl_real_numero_callable_y_stdout_canonico_sin_error_no_implementada>
        <Function test_entrypoint_repl_numero_callable_output_regresion_binding_runtime>
        <Function test_entrypoint_repl_real_numero_callable_directo_sin_no_implementada>
        <Function test_entrypoint_repl_real_expone_desviacion_estandar_publica>
        <Function test_entrypoint_repl_real_rechaza_numpy_externo>
        <Function test_entrypoint_repl_real_funcion_usuario_sigue_operativa_tras_usar>
        <Function test_entrypoint_repl_real_imprimir_booleanos_canonicos_no_regresion>
        <Function test_entrypoint_repl_texto_flujo_integral_callable_output>
        <Function test_entrypoint_repl_asignacion_lista_no_reporta_nodolista>
        <Function test_entrypoint_repl_usar_datos_longitud_argumento_inline>
        <Function test_entrypoint_repl_usar_datos_longitud_variable_y_literal_exactos>
        <Function test_entrypoint_repl_lista_con_expresiones_y_longitud>
        <Function test_entrypoint_repl_metadata_longitud_persistente_entre_sentencias>
      <Module test_repl_list_literal_eval_contract.py>
        <Function test_repl_interpreter_evalua_lista_literal_en_asignacion_var>
        <Function test_repl_interpreter_lista_literal_repr_y_uso_posterior>
        <Function test_repl_interpreter_evalua_lista_con_expresiones_internas>
        <Function test_repl_v2_delega_mismo_tratamiento_de_lista_literal>
        <Function test_repl_interpreter_longitud_lista_literal_y_variable_desde_datos>
        <Function test_repl_interpreter_datos_longitud_lista_literal_directa>
        <Function test_repl_interpreter_lista_literal_con_variables_longitud_dos>
        <Function test_repl_interpreter_longitud_lista_con_expresiones_y_repr_razonable>
        <Function test_repl_interpreter_datos_elemento_variable_y_literal>
        <Function test_repl_interpreter_usar_datos_expone_elemento>
        <Function test_repl_interpreter_datos_elemento_regresion_variante_solicitada>
        <Function test_repl_interpreter_datos_elemento_errores_limpios>
        <Function test_repl_v2_datos_elemento_errores_cortos_sin_traceback>
        <Function test_repl_v2_usar_fronteras_rechaza_numpy_y_sintaxis_invalida>
        <Function test_repl_v2_usar_bloquea_primitiva_peligrosa_sin_origen_permitido>
        <Function test_repl_v2_usar_no_expone_os_pathlib_sdk_ni_privados>
        <Function test_repl_v2_revalida_bug_001_var_global_funcion_y_reasignacion>
      <Module test_repl_usar_entrypoints_contract.py>
        <Function test_entrypoints_repl_configuran_restriccion_estricta[<lambda>]>
        <Function test_entrypoints_repl_configuran_restriccion_estricta[ReplCommandV2]>
        <Function test_repl_contract_sintaxis_usar_compat_parser_semantica_plana_numero_sin_prefijo[<lambda>-<lambda>-<lambda>]>
        <Function test_repl_contract_sintaxis_usar_compat_parser_semantica_plana_numero_sin_prefijo[ReplCommandV2-<lambda>-<lambda>]>
        <Function test_repl_contract_sintaxis_usar_compat_parser_semantica_plana_texto_sin_prefijo[<lambda>-<lambda>-<lambda>]>
        <Function test_repl_contract_sintaxis_usar_compat_parser_semantica_plana_texto_sin_prefijo[ReplCommandV2-<lambda>-<lambda>]>
        <Function test_repl_usar_texto_end_to_end_superficie_publica_callables[<lambda>-<lambda>-<lambda>]>
        <Function test_repl_usar_texto_end_to_end_superficie_publica_callables[ReplCommandV2-<lambda>-<lambda>]>
        <Function test_repl_entrypoint_numero_es_finito_imprime_verdadero>
        <Function test_repl_entrypoint_texto_conserva_interprete_e_imprime_cuatro>
        <Function test_repl_entrypoint_archivo_existe_booleano_sin_error_metadata>
        <Function test_repl_entrypoint_usar_archivo_sin_comillas_falla_por_sintaxis>
        <Function test_repl_contract_sintaxis_usar_compat_parser_semantica_plana_numpy_restringido_atomico[<lambda>-<lambda>-<lambda>]>
        <Function test_repl_contract_sintaxis_usar_compat_parser_semantica_plana_numpy_restringido_atomico[ReplCommandV2-<lambda>-<lambda>]>
        <Function test_repl_contract_sintaxis_usar_compat_parser_semantica_plana_colision_no_sobrescribe_usuario[<lambda>-<lambda>-<lambda>]>
        <Function test_repl_contract_sintaxis_usar_compat_parser_semantica_plana_colision_no_sobrescribe_usuario[ReplCommandV2-<lambda>-<lambda>]>
        <Function test_repl_rechazo_externo_no_inyecta_simbolos[<lambda>-<lambda>-<lambda>]>
        <Function test_repl_rechazo_externo_no_inyecta_simbolos[ReplCommandV2-<lambda>-<lambda>]>
        <Function test_interprete_corelibs_superficie_minima_requerida>
        <Function test_seguridad_usar_numpy_error_corto_sin_traceback_modo_normal>
        <Function test_repl_integracion_usar_modulos_publicos_end_to_end[<lambda>-<lambda>-<lambda>]>
        <Function test_repl_integracion_usar_modulos_publicos_end_to_end[ReplCommandV2-<lambda>-<lambda>]>
        <Function test_repl_seguridad_numpy_rechazado_mensaje_corto_sin_traceback[<lambda>-<lambda>]>
        <Function test_repl_seguridad_numpy_rechazado_mensaje_corto_sin_traceback[ReplCommandV2-<lambda>]>
        <Function test_repl_rechazo_numpy_es_persistente[<lambda>-<lambda>]>
        <Function test_repl_rechazo_numpy_es_persistente[ReplCommandV2-<lambda>]>
        <Function test_repl_usar_datos_longitud_imprimir_lista_y_variable[<lambda>-<lambda>-<lambda>]>
        <Function test_repl_usar_datos_longitud_imprimir_lista_y_variable[ReplCommandV2-<lambda>-<lambda>]>
        <Function test_repl_aceptacion_positiva_usar_archivo_existe_readme[<lambda>-<lambda>-<lambda>]>
        <Function test_repl_aceptacion_positiva_usar_archivo_existe_readme[ReplCommandV2-<lambda>-<lambda>]>
        <Function test_repl_numpy_rechazo_no_deja_estado_parcial[<lambda>-<lambda>-<lambda>]>
        <Function test_repl_numpy_rechazo_no_deja_estado_parcial[ReplCommandV2-<lambda>-<lambda>]>
        <Function test_repl_usar_no_expone_simbolos_no_publicos[<lambda>-<lambda>-<lambda>]>
        <Function test_repl_usar_no_expone_simbolos_no_publicos[ReplCommandV2-<lambda>-<lambda>]>
        <Function test_logs_usar_conflictos_formato_resumido_sin_diccionario_gigante>
        <Function test_repl_contract_resuelve_usar_datos_y_tiempo[<lambda>-<lambda>-<lambda>]>
        <Function test_repl_contract_resuelve_usar_datos_y_tiempo[ReplCommandV2-<lambda>-<lambda>]>
        <Function test_repl_contract_seguridad_usar_holobit_restringe_internals_y_saneamiento>
        <Function test_repl_contract_seguridad_usar_atomico_holobit_y_datos_sin_overwrite>
        <Function test_holobit_corelib_exporta_solo_simbolos_canonicos_publicos>
        <Function test_repl_contract_pipeline_completo_por_modulo_canonico[archivo]>
        <Function test_repl_contract_pipeline_completo_por_modulo_canonico[argumentos]>
        <Function test_repl_contract_pipeline_completo_por_modulo_canonico[asincrono]>
        <Function test_repl_contract_pipeline_completo_por_modulo_canonico[compresion]>
        <Function test_repl_contract_pipeline_completo_por_modulo_canonico[configuracion]>
        <Function test_repl_contract_pipeline_completo_por_modulo_canonico[cripto]>
        <Function test_repl_contract_pipeline_completo_por_modulo_canonico[datos]>
        <Function test_repl_contract_pipeline_completo_por_modulo_canonico[holobit]>
        <Function test_repl_contract_pipeline_completo_por_modulo_canonico[logica]>
        <Function test_repl_contract_pipeline_completo_por_modulo_canonico[numero]>
        <Function test_repl_contract_pipeline_completo_por_modulo_canonico[proceso]>
        <Function test_repl_contract_pipeline_completo_por_modulo_canonico[pruebas]>
        <Function test_repl_contract_pipeline_completo_por_modulo_canonico[red]>
        <Function test_repl_contract_pipeline_completo_por_modulo_canonico[regex]>
        <Function test_repl_contract_pipeline_completo_por_modulo_canonico[registro]>
        <Function test_repl_contract_pipeline_completo_por_modulo_canonico[ruta]>
        <Function test_repl_contract_pipeline_completo_por_modulo_canonico[serializacion]>
        <Function test_repl_contract_pipeline_completo_por_modulo_canonico[sistema]>
        <Function test_repl_contract_pipeline_completo_por_modulo_canonico[temporal]>
        <Function test_repl_contract_pipeline_completo_por_modulo_canonico[texto]>
        <Function test_repl_contract_pipeline_completo_por_modulo_canonico[tiempo]>
        <Function test_repl_contract_colision_warn_alias_required_estructurada>
        <Function test_repl_rechaza_nombres_invalidos_o_maliciosos[]>
        <Function test_repl_rechaza_nombres_invalidos_o_maliciosos[   ]>
        <Function test_repl_rechaza_nombres_invalidos_o_maliciosos[../numero]>
        <Function test_repl_rechaza_nombres_invalidos_o_maliciosos[..\\numero]>
        <Function test_repl_rechaza_nombres_invalidos_o_maliciosos[corelibs/numero]>
        <Function test_repl_rechaza_nombres_invalidos_o_maliciosos[standard_library/texto]>
        <Function test_repl_rechaza_nombres_invalidos_o_maliciosos[pcobra]>
        <Function test_repl_rechaza_nombres_invalidos_o_maliciosos[holobit_sdk]>
        <Function test_repl_rechaza_alias_legacy_fuera_contrato>
        <Function test_repl_usar_datos_longitud_salida_exacta[ReplCommandV2-<lambda>]>
        <Function test_repl_usar_texto_expone_funciones_objetivo_y_mantiene_comunes>
        <Function test_repl_usar_numero_es_finito_y_signo_siguen_operativos>
        <Function test_repl_usar_modulos_numero_logica_tiempo_y_datos_con_epoch_rango>
        <Function test_repl_contrato_cli_superficie_publica_y_error_corto_numpy>
        <Function test_repl_texto_aceptacion_mayusculas_recortar_repetir_quitar_acentos>
        <Function test_repl_datos_longitud_y_agregar_si_disponible>
        <Function test_repl_archivo_existe_emitir_booleano_sin_primitiva_peligrosa>
        <Function test_repl_archivo_existe_bloquea_traversal_relativo_con_error_controlado>
        <Function test_repl_archivo_existe_bloquea_ruta_absoluta_con_error_controlado>
        <Function test_repl_archivo_existe_bloquea_ruta_absoluta_windows_con_error_controlado>
        <Function test_repl_archivo_invocacion_cruda_sin_usar_permanece_bloqueada>
        <Function test_repl_archivo_invocacion_directa_permitida_tras_usar_sin_traceback>
        <Function test_repl_archivo_hardening_no_expone_backend_crudo>
        <Function test_repl_usar_archivo_requiere_cadena_entre_comillas>
        <Function test_repl_usar_idempotente_y_conflicto_real>
        <Function test_repl_ux_error_salida_corta_vs_debug>
        <Function test_no_regresion_seguridad_usar_numpy_error_corto_sin_traceback>
        <Function test_repl_no_expone_simbolos_no_publicos_modulos_estandar>
        <Function test_no_regresion_seguridad_usar_numpy_fuera_catalogo_publico>
        <Function test_repl_usar_numpy_error_explicito_corto_sin_traceback_en_modo_normal>
        <Function test_regresion_metadata_usar_none_pre_auditoria[<lambda>-<lambda>-<lambda>]>
        <Function test_regresion_metadata_usar_none_pre_auditoria[ReplCommandV2-<lambda>-<lambda>]>
        <Function test_repl_usar_datos_numero_archivo_contrato_basico_sin_errores_metadata>
      <Module test_run_repl_equivalence.py>
        <Function test_misma_secuencia_semantica_equivale_entre_run_y_repl>
        <Function test_mutacion_en_mientras_y_lectura_posterior_persisten_en_repl>
        <Function test_persistencia_basica_var_x_e_impresion_equivale_entre_run_y_repl>
        <Function test_bloque_si_comparte_estado_posterior_equivale_entre_run_y_repl>
        <Function test_repl_evalua_expresiones_con_estado_persistente[x + 10-15]>
        <Function test_repl_evalua_expresiones_con_estado_persistente[x * 2-10]>
        <Function test_repl_fallback_expresion_sin_duplicar_salida_y_nameerror_real_preservado>
        <Function test_repl_no_suprime_error_real_en_expresion_con_variable_no_declarada>
        <Function test_repl_statement_normal_imprimir_no_duplica_salida>
        <Function test_instrucciones_posteriores_a_si_y_llamadas_con_valor_se_ejecutan>
        <Function test_repl_llamada_funcion_auditoria_una_sola_vez_y_retorno_correcto>
        <Function test_repl_definir_funcion_triple_no_produce_salida_en_definicion>
        <Function test_repl_incremental_var_var_imprimir_y_nameerror_sin_temporales_internas>
        <Function test_repl_mantiene_estado_tras_error_intermedio>
        <Function test_repl_persistencia_entre_entradas_tras_error_intermedio_real>
        <Function test_anidacion_condicional_bucle_equivale_en_salida_y_estado>
        <Function test_error_semantico_y_runtime_equivalen_en_tipo_y_mensaje[no_definida = 1]>
        <Function test_error_semantico_y_runtime_equivalen_en_tipo_y_mensaje[var x = 10 / 0]>
        <Function test_error_sintactico_equivale_en_tipo_y_mensaje[imprimir("cadena sin cerrar)]>
        <Function test_error_sintactico_equivale_en_tipo_y_mensaje[si verdadero imprimir(1)]>
        <Function test_runtime_estado_final_paridad_run_vs_repl[mutacion_en_mientras_persiste-var contador = 10-mientras verdadero:\n    contador = 15\n    romper\nfin-variables_esperadas0]>
        <Function test_runtime_estado_final_paridad_run_vs_repl[mutacion_en_mientras_persiste_fuera_del_bucle-var total = 1-mientras verdadero:\n    total = 4\n    romper\nfin-variables_esperadas1]>
        <Function test_runtime_estado_final_paridad_run_vs_repl[mientras_con_continuar_romper_y_variable_local_visible-var paso = falso-mientras verdadero:\n    si paso:\n        var ultimo = 2\n        romper\n    fin\n    paso = verdadero\n    continuar\nfin-variables_esperadas2]>
        <Function test_runtime_estado_final_paridad_run_vs_repl[bloque_anidado_shadowing_y_set_dirigido-var raiz = 100-func ajustar():\n    var raiz = 5\n    raiz = 9\n    retorno raiz\nfin\nvar resultado = ajustar()-variables_esperadas3]>
        <Function test_sandbox_normaliza_safe_mode_y_validadores_igual_en_run_y_repl>
        <Function test_paridad_funcional_acotada_run_y_repl_en_declaraciones_secuenciales[var-imprimir("antes")\nvar x = 3\nimprimir("despues")-estado_esperado0]>
        <Function test_paridad_funcional_acotada_run_y_repl_en_declaraciones_secuenciales[variable-imprimir("antes")\nvariable y := 4\nimprimir("despues")-estado_esperado1]>
        <Function test_run_no_corta_sentencias_posteriores_en_bloque_si>
        <Function test_run_retorno_fuera_de_funcion_muestra_error_corto_sin_traceback>
        <Function test_run_conservar_control_break_y_continue_en_mientras>
        <Function test_run_acepta_utf8_bom_en_frontera_de_entrada[True]>
        <Function test_run_acepta_utf8_bom_en_frontera_de_entrada[False]>
        <Function test_run_utf8_bom_y_sin_bom_producen_salida_identica>
        <Function test_build_rechaza_programa_semanticamente_invalido_sin_generar_codigo>
        <Function test_build_utf8_bom_y_sin_bom_compilan_sin_token_bom>
        <Function test_run_usar_modulos_oficiales_produce_salida_exacta>
        <Function test_run_error_lexico_sigue_siendo_corto_sin_traceback_con_y_sin_bom>
        <Function test_run_usar_numpy_rechaza_sin_traceback_ni_error_duplicado>
        <Function test_run_usar_archivo_habilita_existe_readme_local>
        <Function test_run_usar_archivo_existe_parent_es_falso_por_wrapper_seguro>
        <Function test_run_existe_sin_usar_archivo_permanece_bloqueado>
        <Function test_run_error_funcion_no_declarada_conserva_identificador_completo>
      <Module test_runtime_go.py>
        <Function test_runtime_go_ejecucion_experimental[codigo_imprimir]>
        <Function test_runtime_go_ejecucion_experimental[codigo_bucle_simple]>
      <Module test_runtime_js.py>
        <Function test_runtime_js_ejecucion[codigo_imprimir]>
        <Function test_runtime_js_ejecucion[codigo_bucle_simple]>
        <Function test_runtime_javascript_holobit_public_ops_contract>
      <Module test_runtime_python.py>
        <Function test_runtime_python_ejecucion[codigo_imprimir]>
        <Function test_runtime_python_ejecucion[codigo_bucle_simple]>
        <Function test_holobit_operaciones_publicas_semantica_documentada>
      <Module test_runtime_rust.py>
        <Function test_runtime_rust_ejecucion[codigo_imprimir]>
        <Function test_runtime_rust_ejecucion[codigo_bucle_simple]>
        <Function test_runtime_rust_holobit_public_ops_contract>
      <Module test_standard_library_async.py>
        <Function test_proteger_tarea_desacopla_cancelaciones>
        <Function test_ejecutar_en_hilo_permite_proteger_resultados>
        <Function test_ejecutar_en_hilo_sigue_trabajando_si_se_cancela>
      <Module test_transpilador_syntax.py>
        <Function test_transpilador_syntax[python]>
        <Function test_transpilador_syntax[javascript]>
        <Function test_transpilador_syntax[rust]>
      <Module test_transpiladores.py>
        <Function test_transpilador_python_generacion>
      <Module test_transpile_semantics.py>
        <Function test_transpile_semantics[python]>
        <Function test_transpile_semantics[javascript]>
        <Function test_transpile_semantics[rust]>
        <Function test_transpile_semantics_experimental_runtime[NOTSET]>
      <Module test_transpilers_generation.py>
        <Function test_generate_and_syntax[python]>
        <Function test_generate_and_syntax[javascript]>
        <Function test_generate_and_syntax[rust]>
      <Module test_usar_callback_cobra.py>
        <Function test_usar_filtrar_acepta_funcion_cobra_como_callback>
        <Function test_usar_filtrar_callback_cobra_respeta_scope_lexico>
      <Module test_usar_canonical_surface_contract.py>
        <Function test_caso_1_numero_superficie_publica_espanol[<lambda>]>
        <Function test_caso_1_numero_superficie_publica_espanol[ReplCommandV2]>
        <Function test_caso_2_texto_superficie_publica_espanol[<lambda>]>
        <Function test_caso_2_texto_superficie_publica_espanol[ReplCommandV2]>
        <Function test_caso_3_datos_superficie_publica_espanol>
        <Function test_casos_4_a_7_rechaza_modulos_no_permitidos[<lambda>-numpy]>
        <Function test_casos_4_a_7_rechaza_modulos_no_permitidos[<lambda>-node-fetch]>
        <Function test_casos_4_a_7_rechaza_modulos_no_permitidos[<lambda>-serde]>
        <Function test_casos_4_a_7_rechaza_modulos_no_permitidos[<lambda>-holobit_sdk]>
        <Function test_casos_4_a_7_rechaza_modulos_no_permitidos[ReplCommandV2-numpy]>
        <Function test_casos_4_a_7_rechaza_modulos_no_permitidos[ReplCommandV2-node-fetch]>
        <Function test_casos_4_a_7_rechaza_modulos_no_permitidos[ReplCommandV2-serde]>
        <Function test_casos_4_a_7_rechaza_modulos_no_permitidos[ReplCommandV2-holobit_sdk]>
        <Function test_caso_8_no_exponer_simbolos_privados_ni_bloqueados_en_corelibs_publicas>
        <Function test_usar_modulos_canonicos_solo_exponen_superficie_espanol[<lambda>-numero]>
        <Function test_usar_modulos_canonicos_solo_exponen_superficie_espanol[<lambda>-texto]>
        <Function test_usar_modulos_canonicos_solo_exponen_superficie_espanol[<lambda>-datos]>
        <Function test_usar_modulos_canonicos_solo_exponen_superficie_espanol[<lambda>-holobit]>
        <Function test_usar_modulos_canonicos_solo_exponen_superficie_espanol[ReplCommandV2-numero]>
        <Function test_usar_modulos_canonicos_solo_exponen_superficie_espanol[ReplCommandV2-texto]>
        <Function test_usar_modulos_canonicos_solo_exponen_superficie_espanol[ReplCommandV2-datos]>
        <Function test_usar_modulos_canonicos_solo_exponen_superficie_espanol[ReplCommandV2-holobit]>
        <Function test_caso_9_startup_runtime_y_cli_no_cargan_backends_legacy>
        <Function test_caso_10_public_backends_contrato_exacto>
        <Function test_usar_reimportes_reinyecciones_metadata_canonica_e_idempotente[<lambda>]>
        <Function test_usar_reimportes_reinyecciones_metadata_canonica_e_idempotente[ReplCommandV2]>
      <Module test_usar_core_contract_full.py>
        <Function test_01_numero_exporta_solo_espanol[<lambda>-<lambda>-<lambda>]>
        <Function test_01_numero_exporta_solo_espanol[ReplCommandV2-<lambda>-<lambda>]>
        <Function test_02_texto_exporta_solo_espanol[<lambda>-<lambda>-<lambda>]>
        <Function test_02_texto_exporta_solo_espanol[ReplCommandV2-<lambda>-<lambda>]>
        <Function test_03_datos_contiene_filtrar_mapear_reducir>
        <Function test_04_rechaza_numpy_y_no_inyecta>
        <Function test_05_rechaza_holobit_sdk>
        <Function test_06_saneamiento_excluye_nombres_prohibidos_y_doble_guion_bajo>
        <Function test_07_startup_no_carga_backends_legacy>
        <Function test_08_politica_publica_backends_exacta>
        <Function test_09_colision_reporta_error_estructurado>
        <Function test_10_modulo_simulado_solo_inyecta_export_publico_valido>
      <Module test_usar_export_sanitation.py>
        <Function test_usar_numero_y_texto_solo_exponen_nombres_canonicos_espanol>
        <Function test_usar_datos_expone_filtrar_mapear_reducir_no_equivalentes_en_ingles>
        <Function test_rechaza_usar_modulos_externos_no_permitidos[numpy]>
        <Function test_rechaza_usar_modulos_externos_no_permitidos[node-fetch]>
        <Function test_rechaza_usar_modulos_externos_no_permitidos[serde]>
        <Function test_rechaza_usar_modulos_externos_no_permitidos[holobit_sdk]>
        <Function test_rechaza_simbolos_prohibidos_en_exports>
        <Function test_colision_en_usar_emite_advertencia_y_no_sobrescribe>
        <Function test_usar_datos_respeta_all_y_no_inyecta_objeto_modulo>
        <Function test_sanitizar_datos_reporta_motivos_de_filtrar_descartado>
        <Function test_sanitizar_datos_reporta_filtrar_missing_export_attr>
      <Module test_usar_legacy_compatibility.py>
        <Function test_startup_normal_no_carga_legacy_backends>
      <Module test_usar_project_modules.py>
        <Function test_usar_modulo_en_misma_carpeta_util>
        <Function test_usar_subcarpeta_punteada_utilidades_fechas>
        <Function test_usar_modulo_anidado_a_b_c>
        <Function test_usar_desde_otro_directorio_respeta_cobra_toml>
        <Function test_usar_carga_una_sola_vez_con_cache_y_monkeypatch>
        <Function test_usar_detecta_ciclo_directo>
        <Function test_usar_detecta_ciclo_indirecto>
        <Function test_usar_modulo_inexistente_muestra_error_claro>
        <Function test_compatibilidad_import_archivo_co_relativo_al_main>
        <Function test_import_archivo_co_no_delega_en_usar_modulo>
        <Function test_usar_strings_windows_posix_son_rechazados[dir/modulo]>
        <Function test_usar_strings_windows_posix_son_rechazados[dir\\\\modulo]>
        <Function test_usar_strings_windows_posix_son_rechazados[C:\\\\tmp\\\\modulo]>
        <Function test_usar_bloquea_traversal_con_puntos_dobles>
        <Function test_usar_bloquea_escape_de_raiz_autorizada>
        <Function test_usar_canonicaliza_rutas_y_carga_una_sola_vez>
        <Function test_usar_no_soporta_sintaxis_desde>
        <Function test_usar_no_soporta_sintaxis_exportar>
        <Function test_usar_no_resuelve_archivo_co_de_texto>
      <Module test_usar_public_contract_regression.py>
        <Function test_usar_numero_solo_simbolos_espanoles[<lambda>-<lambda>-<lambda>]>
        <Function test_usar_numero_solo_simbolos_espanoles[ReplCommandV2-<lambda>-<lambda>]>
        <Function test_usar_texto_solo_simbolos_espanoles[<lambda>-<lambda>-<lambda>]>
        <Function test_usar_texto_solo_simbolos_espanoles[ReplCommandV2-<lambda>-<lambda>]>
        <Function test_usar_texto_contrato_runtime_overrides_y_poc_funcional[<lambda>-<lambda>-<lambda>]>
        <Function test_usar_texto_contrato_runtime_overrides_y_poc_funcional[ReplCommandV2-<lambda>-<lambda>]>
        <Function test_usar_datos_incluye_filtrar_mapear_reducir[<lambda>-<lambda>-<lambda>]>
        <Function test_usar_datos_incluye_filtrar_mapear_reducir[ReplCommandV2-<lambda>-<lambda>]>
        <Function test_usar_datos_filtrar_contrato_publico_real[<lambda>-<lambda>-<lambda>]>
        <Function test_usar_datos_filtrar_contrato_publico_real[ReplCommandV2-<lambda>-<lambda>]>
        <Function test_rechaza_usar_numpy[<lambda>-<lambda>-<lambda>]>
        <Function test_rechaza_usar_numpy[ReplCommandV2-<lambda>-<lambda>]>
        <Function test_holobit_sdk_internals_no_son_importables>
        <Function test_usar_holobit_expone_solo_api_cobra_facing>
        <Function test_simbolos_exportados_sin_doble_guion_bajo_y_sin_prohibidos>
        <Function test_politica_publica_backends_exacta_python_javascript_rust>
        <Function test_conflicto_no_overwrite_silencioso_reporta_error_estructurado>
        <Function test_conflictos_abortan_inyeccion_sin_overwrite_silencioso>
        <Function test_usar_no_inyecta_simbolos_prohibidos_ni_objetos_backend>
        <Function test_usar_holobit_inyecta_solo_all_y_nombres_en_espanol>
        <Function test_holobit_corelib_deserializacion_invalida_regresion>
        <Function test_holobit_corelib_superficie_publica_canonica_blackbox>
        <Function test_holobit_corelib_error_runtime_solo_terminos_cobra>
        <Function test_binding_usar_sin_dependencia_lexer_parser_para_datos>
        <Function test_binding_usar_holobit_no_expone_internals_directos>
        <Function test_sanitizar_exports_publicos_rechaza_objeto_sdk_accidental_en_holobit>
        <Function test_usar_holobit_no_filtra_nombres_sdk_accidentales_en_contexto>
      <Module test_usar_runtime_contract.py>
        <Function test_holobit_export_only_runtime_override>
        <Function test_holobit_runtime_override_exporta_exclusivamente_api_publica>
        <Function test_sanear_exportables_clasifica_y_rechaza_wrappers_backend>
        <Function test_rechaza_numpy_en_repl_estricto_sin_inyeccion>
        <Function test_texto_simbolo_existente_fuera_de_override_falla_como_no_declarado>
        <Function test_regresion_texto_detecta_mapeo_interno_incompleto_y_filtra_fuera_de_api_publica>
        <Function test_usar_datos_expone_longitud_y_metadata_canonica>
        <Function test_usar_texto_expone_recortar_repetir_quitar_acentos>
        <Function test_regresion_usar_texto_superficie_ligera_y_sin_importerror>
        <Function test_usar_numero_mantiene_es_finito_y_signo>
        <Function test_usar_archivo_carga_existe_sin_error_metadata>
        <Function test_usar_modulos_validos_no_reporta_error_metadata>
        <Function test_usar_carga_modulos_publicos_datos_numero_texto>
        <Function test_repl_funcional_minimo_datos_numero_archivo_via_runtime>
        <Function test_sanear_exports_descarta_simbolo_fuera_api_publica_al_usar>
        <Function test_integridad_estatica_lexer_y_parser_sin_diff_inesperado>
        <Function test_repl_incremental_usar_datos_preserva_estado_y_longitud>
        <Function test_sintaxis_usar_sin_comillas_falla_como_hoy>
        <Function test_sintaxis_usar_cadena_sin_cerrar_falla_como_hoy>
        <Function test_runtime_metadata_legacy_aliases_se_normalizan_a_canonico>
        <Function test_runtime_metadata_clave_desconocida_maliciosa_rechazada_fail_closed>
      <Module test_usar_snippets.py>
        <Function test_usar_modulos_publicos_basicos[numero-funciones0-casos0-ausentes0]>
        <Function test_usar_modulos_publicos_basicos[texto-funciones1-casos1-ausentes1]>
        <Function test_usar_modulos_publicos_basicos[datos-funciones2-casos2-ausentes2]>
        <Function test_usar_modulos_publicos_basicos[logica-funciones3-casos3-ausentes3]>
        <Function test_usar_asincrono_proteger_tarea>
        <Function test_usar_sistema_obtener_os_y_ejecutar>
        <Function test_usar_archivo_existe>
        <Function test_usar_tiempo_ahora>
        <Function test_usar_red_obtener_url>
        <Function test_usar_holobit_crear_holobit>
      <Dir transpilers>
        <Module test_backend_contract_canonical_fixtures.py>
          <Function test_canonical_fixtures_cover_required_contract_features>
          <Function test_python_backend_is_full_for_every_contract_feature[holobit]>
          <Function test_python_backend_is_full_for_every_contract_feature[proyectar]>
          <Function test_python_backend_is_full_for_every_contract_feature[transformar]>
          <Function test_python_backend_is_full_for_every_contract_feature[graficar]>
          <Function test_python_backend_is_full_for_every_contract_feature[corelibs]>
          <Function test_python_backend_is_full_for_every_contract_feature[standard_library]>
          <Function test_non_python_backends_respect_declared_contract_feature_levels[javascript]>
          <Function test_non_python_backends_respect_declared_contract_feature_levels[rust]>
          <Function test_partial_contract_error_messages_are_stable_and_verifiable[proyectar-javascript]>
          <Function test_partial_contract_error_messages_are_stable_and_verifiable[proyectar-rust]>
          <Function test_partial_contract_error_messages_are_stable_and_verifiable[transformar-javascript]>
          <Function test_partial_contract_error_messages_are_stable_and_verifiable[transformar-rust]>
          <Function test_partial_contract_error_messages_are_stable_and_verifiable[graficar-javascript]>
          <Function test_partial_contract_error_messages_are_stable_and_verifiable[graficar-rust]>
        <Module test_backend_runtime_imports_minimal.py>
          <Function test_minimal_runtime_import_markers_are_emitted_per_backend[python]>
          <Function test_minimal_runtime_import_markers_are_emitted_per_backend[javascript]>
          <Function test_minimal_runtime_import_markers_are_emitted_per_backend[rust]>
          <Function test_import_bridge_desde_corelibs_y_standard_library_se_inyecta_en_codigo[python]>
          <Function test_import_bridge_desde_corelibs_y_standard_library_se_inyecta_en_codigo[javascript]>
          <Function test_import_bridge_desde_corelibs_y_standard_library_se_inyecta_en_codigo[rust]>
          <Function test_minimal_runtime_call_sites_are_preserved_per_backend[python-corelibs]>
          <Function test_minimal_runtime_call_sites_are_preserved_per_backend[python-standard_library]>
          <Function test_minimal_runtime_call_sites_are_preserved_per_backend[javascript-corelibs]>
          <Function test_minimal_runtime_call_sites_are_preserved_per_backend[javascript-standard_library]>
          <Function test_minimal_runtime_call_sites_are_preserved_per_backend[rust-corelibs]>
          <Function test_minimal_runtime_call_sites_are_preserved_per_backend[rust-standard_library]>
          <Function test_minimal_holobit_entrypoint_is_preserved_per_backend[python]>
          <Function test_minimal_holobit_entrypoint_is_preserved_per_backend[javascript]>
          <Function test_minimal_holobit_entrypoint_is_preserved_per_backend[rust]>
        <Module test_decoradores_contract.py>
          <Function test_fixtures_decoradores_cubren_todo_el_inventario_decoradores>
          <Function test_fixture_cada_decorador_tiene_sintaxis_basica_de_decorador[dataclase]>
          <Function test_fixture_cada_decorador_tiene_sintaxis_basica_de_decorador[depreciado]>
          <Function test_fixture_cada_decorador_tiene_sintaxis_basica_de_decorador[despachar_por_tipo]>
          <Function test_fixture_cada_decorador_tiene_sintaxis_basica_de_decorador[memoizar]>
          <Function test_fixture_cada_decorador_tiene_sintaxis_basica_de_decorador[orden_total]>
          <Function test_fixture_cada_decorador_tiene_sintaxis_basica_de_decorador[reintentar]>
          <Function test_fixture_cada_decorador_tiene_sintaxis_basica_de_decorador[reintentar_async]>
          <Function test_fixture_cada_decorador_tiene_sintaxis_basica_de_decorador[sincronizar]>
          <Function test_fixture_cada_decorador_tiene_sintaxis_basica_de_decorador[temporizar]>
          <Function test_matriz_decoradores_por_backend_esta_declarada_y_alineada_con_contrato_ast[python-dataclase]>
          <Function test_matriz_decoradores_por_backend_esta_declarada_y_alineada_con_contrato_ast[python-depreciado]>
          <Function test_matriz_decoradores_por_backend_esta_declarada_y_alineada_con_contrato_ast[python-despachar_por_tipo]>
          <Function test_matriz_decoradores_por_backend_esta_declarada_y_alineada_con_contrato_ast[python-memoizar]>
          <Function test_matriz_decoradores_por_backend_esta_declarada_y_alineada_con_contrato_ast[python-orden_total]>
          <Function test_matriz_decoradores_por_backend_esta_declarada_y_alineada_con_contrato_ast[python-reintentar]>
          <Function test_matriz_decoradores_por_backend_esta_declarada_y_alineada_con_contrato_ast[python-reintentar_async]>
          <Function test_matriz_decoradores_por_backend_esta_declarada_y_alineada_con_contrato_ast[python-sincronizar]>
          <Function test_matriz_decoradores_por_backend_esta_declarada_y_alineada_con_contrato_ast[python-temporizar]>
          <Function test_matriz_decoradores_por_backend_esta_declarada_y_alineada_con_contrato_ast[javascript-dataclase]>
          <Function test_matriz_decoradores_por_backend_esta_declarada_y_alineada_con_contrato_ast[javascript-depreciado]>
          <Function test_matriz_decoradores_por_backend_esta_declarada_y_alineada_con_contrato_ast[javascript-despachar_por_tipo]>
          <Function test_matriz_decoradores_por_backend_esta_declarada_y_alineada_con_contrato_ast[javascript-memoizar]>
          <Function test_matriz_decoradores_por_backend_esta_declarada_y_alineada_con_contrato_ast[javascript-orden_total]>
          <Function test_matriz_decoradores_por_backend_esta_declarada_y_alineada_con_contrato_ast[javascript-reintentar]>
          <Function test_matriz_decoradores_por_backend_esta_declarada_y_alineada_con_contrato_ast[javascript-reintentar_async]>
          <Function test_matriz_decoradores_por_backend_esta_declarada_y_alineada_con_contrato_ast[javascript-sincronizar]>
          <Function test_matriz_decoradores_por_backend_esta_declarada_y_alineada_con_contrato_ast[javascript-temporizar]>
          <Function test_matriz_decoradores_por_backend_esta_declarada_y_alineada_con_contrato_ast[rust-dataclase]>
          <Function test_matriz_decoradores_por_backend_esta_declarada_y_alineada_con_contrato_ast[rust-depreciado]>
          <Function test_matriz_decoradores_por_backend_esta_declarada_y_alineada_con_contrato_ast[rust-despachar_por_tipo]>
          <Function test_matriz_decoradores_por_backend_esta_declarada_y_alineada_con_contrato_ast[rust-memoizar]>
          <Function test_matriz_decoradores_por_backend_esta_declarada_y_alineada_con_contrato_ast[rust-orden_total]>
          <Function test_matriz_decoradores_por_backend_esta_declarada_y_alineada_con_contrato_ast[rust-reintentar]>
          <Function test_matriz_decoradores_por_backend_esta_declarada_y_alineada_con_contrato_ast[rust-reintentar_async]>
          <Function test_matriz_decoradores_por_backend_esta_declarada_y_alineada_con_contrato_ast[rust-sincronizar]>
          <Function test_matriz_decoradores_por_backend_esta_declarada_y_alineada_con_contrato_ast[rust-temporizar]>
          <Function test_fixture_decorador_genera_salida_para_todos_los_backends[python-dataclase]>
          <Function test_fixture_decorador_genera_salida_para_todos_los_backends[python-depreciado]>
          <Function test_fixture_decorador_genera_salida_para_todos_los_backends[python-despachar_por_tipo]>
          <Function test_fixture_decorador_genera_salida_para_todos_los_backends[python-memoizar]>
          <Function test_fixture_decorador_genera_salida_para_todos_los_backends[python-orden_total]>
          <Function test_fixture_decorador_genera_salida_para_todos_los_backends[python-reintentar]>
          <Function test_fixture_decorador_genera_salida_para_todos_los_backends[python-reintentar_async]>
          <Function test_fixture_decorador_genera_salida_para_todos_los_backends[python-sincronizar]>
          <Function test_fixture_decorador_genera_salida_para_todos_los_backends[python-temporizar]>
          <Function test_fixture_decorador_genera_salida_para_todos_los_backends[javascript-dataclase]>
          <Function test_fixture_decorador_genera_salida_para_todos_los_backends[javascript-depreciado]>
          <Function test_fixture_decorador_genera_salida_para_todos_los_backends[javascript-despachar_por_tipo]>
          <Function test_fixture_decorador_genera_salida_para_todos_los_backends[javascript-memoizar]>
          <Function test_fixture_decorador_genera_salida_para_todos_los_backends[javascript-orden_total]>
          <Function test_fixture_decorador_genera_salida_para_todos_los_backends[javascript-reintentar]>
          <Function test_fixture_decorador_genera_salida_para_todos_los_backends[javascript-reintentar_async]>
          <Function test_fixture_decorador_genera_salida_para_todos_los_backends[javascript-sincronizar]>
          <Function test_fixture_decorador_genera_salida_para_todos_los_backends[javascript-temporizar]>
          <Function test_fixture_decorador_genera_salida_para_todos_los_backends[rust-dataclase]>
          <Function test_fixture_decorador_genera_salida_para_todos_los_backends[rust-depreciado]>
          <Function test_fixture_decorador_genera_salida_para_todos_los_backends[rust-despachar_por_tipo]>
          <Function test_fixture_decorador_genera_salida_para_todos_los_backends[rust-memoizar]>
          <Function test_fixture_decorador_genera_salida_para_todos_los_backends[rust-orden_total]>
          <Function test_fixture_decorador_genera_salida_para_todos_los_backends[rust-reintentar]>
          <Function test_fixture_decorador_genera_salida_para_todos_los_backends[rust-reintentar_async]>
          <Function test_fixture_decorador_genera_salida_para_todos_los_backends[rust-sincronizar]>
          <Function test_fixture_decorador_genera_salida_para_todos_los_backends[rust-temporizar]>
        <Module test_holobit_hooks_golden.py>
          <Function test_holobit_runtime_hooks_match_golden_snapshots_for_all_official_targets[python]>
          <Function test_holobit_runtime_hooks_match_golden_snapshots_for_all_official_targets[javascript]>
          <Function test_holobit_runtime_hooks_match_golden_snapshots_for_all_official_targets[rust]>
        <Module test_language_equivalence_contract.py>
          <Function test_language_equivalence_contract_transpiles_and_validates_syntax[python-decoradores]>
          <Function test_language_equivalence_contract_transpiles_and_validates_syntax[python-manejo_errores]>
          <Function test_language_equivalence_contract_transpiles_and_validates_syntax[python-async]>
          <Function test_language_equivalence_contract_transpiles_and_validates_syntax[python-imports_corelibs]>
          <Function test_language_equivalence_contract_transpiles_and_validates_syntax[javascript-decoradores]>
          <Function test_language_equivalence_contract_transpiles_and_validates_syntax[javascript-manejo_errores]>
          <Function test_language_equivalence_contract_transpiles_and_validates_syntax[javascript-async]>
          <Function test_language_equivalence_contract_transpiles_and_validates_syntax[javascript-imports_corelibs]>
          <Function test_language_equivalence_contract_transpiles_and_validates_syntax[rust-decoradores]>
          <Function test_language_equivalence_contract_transpiles_and_validates_syntax[rust-manejo_errores]>
          <Function test_language_equivalence_contract_transpiles_and_validates_syntax[rust-async]>
          <Function test_language_equivalence_contract_transpiles_and_validates_syntax[rust-imports_corelibs]>
          <Function test_language_equivalence_contract_minimum_markers[python-decoradores]>
          <Function test_language_equivalence_contract_minimum_markers[python-manejo_errores]>
          <Function test_language_equivalence_contract_minimum_markers[python-async]>
          <Function test_language_equivalence_contract_minimum_markers[python-imports_corelibs]>
          <Function test_language_equivalence_contract_minimum_markers[javascript-decoradores]>
          <Function test_language_equivalence_contract_minimum_markers[javascript-manejo_errores]>
          <Function test_language_equivalence_contract_minimum_markers[javascript-async]>
          <Function test_language_equivalence_contract_minimum_markers[javascript-imports_corelibs]>
          <Function test_language_equivalence_contract_minimum_markers[rust-decoradores]>
          <Function test_language_equivalence_contract_minimum_markers[rust-manejo_errores]>
          <Function test_language_equivalence_contract_minimum_markers[rust-async]>
          <Function test_language_equivalence_contract_minimum_markers[rust-imports_corelibs]>
          <Function test_language_equivalence_contract_critical_snapshots[python-decoradores]>
          <Function test_language_equivalence_contract_critical_snapshots[python-manejo_errores]>
          <Function test_language_equivalence_contract_critical_snapshots[python-async]>
          <Function test_language_equivalence_contract_critical_snapshots[python-imports_corelibs]>
          <Function test_language_equivalence_contract_critical_snapshots[javascript-decoradores]>
          <Function test_language_equivalence_contract_critical_snapshots[javascript-manejo_errores]>
          <Function test_language_equivalence_contract_critical_snapshots[javascript-async]>
          <Function test_language_equivalence_contract_critical_snapshots[javascript-imports_corelibs]>
          <Function test_language_equivalence_contract_critical_snapshots[rust-decoradores]>
          <Function test_language_equivalence_contract_critical_snapshots[rust-manejo_errores]>
          <Function test_language_equivalence_contract_critical_snapshots[rust-async]>
          <Function test_language_equivalence_contract_critical_snapshots[rust-imports_corelibs]>
        <Module test_language_equivalence_feature_contracts.py>
          <Function test_language_equivalence_priority_phases_follow_contract[fase_1-expected0]>
          <Function test_language_equivalence_priority_phases_follow_contract[fase_2-expected1]>
          <Function test_language_equivalence_priority_phases_follow_contract[fase_3-expected2]>
          <Function test_feature_node_mapping_is_explicit_and_synchronized_across_matrix_and_transpiler_modules[decoradores-python]>
          <Function test_feature_node_mapping_is_explicit_and_synchronized_across_matrix_and_transpiler_modules[decoradores-javascript]>
          <Function test_feature_node_mapping_is_explicit_and_synchronized_across_matrix_and_transpiler_modules[decoradores-rust]>
          <Function test_feature_node_mapping_is_explicit_and_synchronized_across_matrix_and_transpiler_modules[imports_corelibs-python]>
          <Function test_feature_node_mapping_is_explicit_and_synchronized_across_matrix_and_transpiler_modules[imports_corelibs-javascript]>
          <Function test_feature_node_mapping_is_explicit_and_synchronized_across_matrix_and_transpiler_modules[imports_corelibs-rust]>
          <Function test_feature_node_mapping_is_explicit_and_synchronized_across_matrix_and_transpiler_modules[manejo_errores-python]>
          <Function test_feature_node_mapping_is_explicit_and_synchronized_across_matrix_and_transpiler_modules[manejo_errores-javascript]>
          <Function test_feature_node_mapping_is_explicit_and_synchronized_across_matrix_and_transpiler_modules[manejo_errores-rust]>
[...]
        <Function test_resolver_modulo_cobra_proyecto_rechaza_nombres_inseguros[utilidades\\\\fechas]>
        <Function test_resolver_modulo_cobra_proyecto_rechaza_nombres_inseguros[C:secreto]>
        <Function test_resolver_modulo_cobra_proyecto_rechaza_nombres_inseguros[utilidades.fecha$]>
        <Function test_resolver_modulo_cobra_proyecto_rechaza_nombres_inseguros[utilidades.-fecha]>
        <Function test_resolver_modulo_cobra_proyecto_rechaza_traversal_por_symlink>
        <Function test_resolver_modulo_cobra_proyecto_valida_current_file_dentro_de_root>
        <Function test_validar_nombre_modulo_cobra_proyecto_rechaza_rutas_manipuladas[../secreto]>
        <Function test_validar_nombre_modulo_cobra_proyecto_rechaza_rutas_manipuladas[a/../b]>
        <Function test_validar_nombre_modulo_cobra_proyecto_rechaza_rutas_manipuladas[/tmp/x]>
        <Function test_validar_nombre_modulo_cobra_proyecto_rechaza_rutas_manipuladas[C:\\tmp\\x]>
        <Function test_validar_nombre_modulo_cobra_proyecto_rechaza_rutas_manipuladas[C:tmp]>
        <Function test_validar_nombre_modulo_cobra_proyecto_rechaza_rutas_manipuladas[a\\b]>
        <Function test_validar_nombre_modulo_cobra_proyecto_rechaza_rutas_manipuladas[a/b]>
        <Function test_verificar_path_dentro_de_root_canonicaliza_antes_de_commonpath>
        <Function test_validacion_oficial_sigue_rechazando_nombres_punteados>
      <Module test_usar_numpy_error_contract.py>
        <Function test_usar_numpy_rechaza_con_error_corto_sin_detalle_tecnico>
        <Function test_usar_numpy_no_filtra_detalle_tecnico_en_log_normal>
        <Function test_usar_numpy_incluye_detalle_tecnico_solo_con_debug>
      <Module test_usar_policy_contract.py>
        <Function test_repl_module_map_contiene_exactamente_modulos_canonicos>
        <Function test_modulos_oficiales_se_resuelven_como_paquetes_instalables>
        <Function test_contrato_superficie_publica_cubre_modulos_canonicos>
        <Function test_validacion_paridad_superficie_publica_ejecutable>
        <Function test_cada_export_oficial_tiene_una_clasificacion_explicita_de_capacidades[numero]>
        <Function test_cada_export_oficial_tiene_una_clasificacion_explicita_de_capacidades[texto]>
        <Function test_cada_export_oficial_tiene_una_clasificacion_explicita_de_capacidades[datos]>
        <Function test_cada_export_oficial_tiene_una_clasificacion_explicita_de_capacidades[logica]>
        <Function test_cada_export_oficial_tiene_una_clasificacion_explicita_de_capacidades[asincrono]>
        <Function test_cada_export_oficial_tiene_una_clasificacion_explicita_de_capacidades[sistema]>
        <Function test_cada_export_oficial_tiene_una_clasificacion_explicita_de_capacidades[archivo]>
        <Function test_cada_export_oficial_tiene_una_clasificacion_explicita_de_capacidades[tiempo]>
        <Function test_cada_export_oficial_tiene_una_clasificacion_explicita_de_capacidades[red]>
        <Function test_cada_export_oficial_tiene_una_clasificacion_explicita_de_capacidades[holobit]>
        <Function test_cada_export_oficial_tiene_una_clasificacion_explicita_de_capacidades[ruta]>
        <Function test_cada_export_oficial_tiene_una_clasificacion_explicita_de_capacidades[serializacion]>
        <Function test_cada_export_oficial_tiene_una_clasificacion_explicita_de_capacidades[proceso]>
        <Function test_cada_export_oficial_tiene_una_clasificacion_explicita_de_capacidades[registro]>
        <Function test_cada_export_oficial_tiene_una_clasificacion_explicita_de_capacidades[argumentos]>
        <Function test_cada_export_oficial_tiene_una_clasificacion_explicita_de_capacidades[pruebas]>
        <Function test_cada_export_oficial_tiene_una_clasificacion_explicita_de_capacidades[temporal]>
        <Function test_cada_export_oficial_tiene_una_clasificacion_explicita_de_capacidades[cripto]>
        <Function test_cada_export_oficial_tiene_una_clasificacion_explicita_de_capacidades[regex]>
        <Function test_cada_export_oficial_tiene_una_clasificacion_explicita_de_capacidades[compresion]>
        <Function test_cada_export_oficial_tiene_una_clasificacion_explicita_de_capacidades[configuracion]>
        <Function test_consistencia_runtime_loader_docs_modulos_canonicos>
      <Module test_usar_proceso_capabilities.py>
        <Function test_modo_seguro_conserva_exports_puros_de_proceso>
        <Function test_modo_seguro_deniega_todos_los_exports_que_crean_procesos[ejecutar]>
        <Function test_modo_seguro_deniega_todos_los_exports_que_crean_procesos[capturar]>
        <Function test_modo_seguro_deniega_todos_los_exports_que_crean_procesos[ejecutar_async]>
        <Function test_modo_seguro_deniega_todos_los_exports_que_crean_procesos[ejecutar_stream]>
        <Function test_capturar_no_alcanza_subprocess_si_ejecutar_publico_esta_bloqueado>
        <Function test_reproduce_bypass_de_bloquear_solo_el_export_ejecutar>
        <Function test_alias_capturar_hereda_capacidades_del_simbolo_canonico>
        <Function test_contrato_no_depende_de_atributos_mutables_del_callable>
        <Function test_modo_seguro_deniega_shell_siempre>
        <Function test_modo_no_seguro_exige_autorizacion_shell>
        <Function test_modo_no_seguro_exige_booleanos_validos[shell]>
        <Function test_modo_no_seguro_exige_booleanos_validos[autorizar_shell]>
        <Function test_exports_async_conservan_su_forma_publica>
      <Module test_usar_public_contract.py>
        <Function test_usar_prioriza_diagnostico_estructurado_normalizacion_y_fallback[error_interno0-PermissionError-usar_error[diagnostico_seguro]: detalle p\xfablico]>
        <Function test_usar_prioriza_diagnostico_estructurado_normalizacion_y_fallback[error_interno1-PermissionError-usar_error[carga_modulo_error]]>
        <Function test_usar_prioriza_diagnostico_estructurado_normalizacion_y_fallback[error_interno2-ImportError-usar_error[carga_modulo_error]]>
        <Function test_usar_numero_y_texto_solo_espanol>
        <Function test_usar_datos_expone_filtrar_mapear_reducir>
        <Function test_usar_datos_filtrar_contrato_publico_minimo>
        <Function test_rechazo_usar_modulos_externos_y_no_canonicos[numpy]>
        <Function test_rechazo_usar_modulos_externos_y_no_canonicos[np]>
        <Function test_rechazo_usar_modulos_externos_y_no_canonicos[node-fetch]>
        <Function test_rechazo_usar_modulos_externos_y_no_canonicos[serde]>
        <Function test_rechazo_usar_modulos_externos_y_no_canonicos[holobit_sdk]>
        <Function test_usar_modulo_inexistente_falla_con_diagnostico_publico>
        <Function test_rechazo_internals_holobit_sdk>
        <Function test_usar_holobit_solo_api_cobra>
        <Function test_exportados_no_contienen_doble_guion_bajo>
        <Function test_no_aparecen_simbolos_prohibidos_en_exports>
        <Function test_runtime_startup_no_carga_legacy_backends>
        <Function test_usar_policy_publica_exacta_modulos_canonicos>
        <Function test_public_backends_contrato_exacto_en_backend_policy>
        <Function test_public_backends_inmutable_tipo_tuple>
        <Function test_rechaza_usar_ruta_backend_no_canonica_con_error_consistente>
        <Function test_usar_rechaza_modulo_fuera_allowlist_aun_si_alias_map_lo_declara>
        <Function test_contrato_startup_rechaza_modulo_canonico_no_cobra_facing>
      <Module test_usar_red_capabilities.py>
        <Function test_metadata_canonica_y_resolucion_de_aliases_red[obtener_url-obtener_url-network.get-False-args0]>
        <Function test_metadata_canonica_y_resolucion_de_aliases_red[enviar_post-enviar_post-network.post-False-args1]>
        <Function test_metadata_canonica_y_resolucion_de_aliases_red[obtener_url_async-obtener_url-network.get-True-args2]>
        <Function test_metadata_canonica_y_resolucion_de_aliases_red[enviar_post_async-enviar_post-network.post-True-args3]>
        <Function test_metadata_canonica_y_resolucion_de_aliases_red[descargar_archivo-descargar_archivo-network.download-True-args4]>
        <Function test_metadata_canonica_y_resolucion_de_aliases_red[obtener_url_texto-obtener_url-network.get-True-args5]>
        <Function test_metadata_canonica_y_resolucion_de_aliases_red[obtener_json-obtener_url-network.get-False-args6]>
        <Function test_modo_seguro_deniega_por_capacidad_toda_la_superficie_red[obtener_url-obtener_url-network.get-False-args0]>
        <Function test_modo_seguro_deniega_por_capacidad_toda_la_superficie_red[enviar_post-enviar_post-network.post-False-args1]>
        <Function test_modo_seguro_deniega_por_capacidad_toda_la_superficie_red[obtener_url_async-obtener_url-network.get-True-args2]>
        <Function test_modo_seguro_deniega_por_capacidad_toda_la_superficie_red[enviar_post_async-enviar_post-network.post-True-args3]>
        <Function test_modo_seguro_deniega_por_capacidad_toda_la_superficie_red[descargar_archivo-descargar_archivo-network.download-True-args4]>
        <Function test_modo_seguro_deniega_por_capacidad_toda_la_superficie_red[obtener_url_texto-obtener_url-network.get-True-args5]>
        <Function test_modo_seguro_deniega_por_capacidad_toda_la_superficie_red[obtener_json-obtener_url-network.get-False-args6]>
        <Function test_descarga_declara_red_y_escritura>
        <Function test_metadata_visible_no_concede_autorizacion>
        <Function test_modo_no_seguro_conserva_resultados_y_forma_publica[obtener_url-obtener_url-network.get-False-args0]>
        <Function test_modo_no_seguro_conserva_resultados_y_forma_publica[enviar_post-enviar_post-network.post-False-args1]>
        <Function test_modo_no_seguro_conserva_resultados_y_forma_publica[obtener_url_async-obtener_url-network.get-True-args2]>
        <Function test_modo_no_seguro_conserva_resultados_y_forma_publica[enviar_post_async-enviar_post-network.post-True-args3]>
        <Function test_modo_no_seguro_conserva_resultados_y_forma_publica[descargar_archivo-descargar_archivo-network.download-True-args4]>
        <Function test_modo_no_seguro_conserva_resultados_y_forma_publica[obtener_url_texto-obtener_url-network.get-True-args5]>
        <Function test_modo_no_seguro_conserva_resultados_y_forma_publica[obtener_json-obtener_url-network.get-False-args6]>
      <Module test_usar_runtime_policy.py>
        <Function test_no_regresion_ajuste_texto_usar_runtime_numero_expone_solo_api_espanola>
        <Function test_usar_runtime_texto_expone_solo_api_espanola>
        <Function test_usar_runtime_datos_expone_filtrar_mapear_reducir>
        <Function test_usar_runtime_rechaza_numpy_y_similares[numpy]>
        <Function test_usar_runtime_rechaza_numpy_y_similares[pandas]>
        <Function test_usar_runtime_rechaza_numpy_y_similares[torch]>
        <Function test_usar_runtime_rechaza_numpy_y_similares[node-fetch]>
        <Function test_usar_runtime_rechaza_numpy_y_similares[serde]>
        <Function test_usar_runtime_holobit_expone_solo_api_cobra_facing>
        <Function test_usar_runtime_no_exporta_simbolos_con_doble_guion_bajo>
        <Function test_usar_runtime_no_exporta_simbolos_bloqueados>
        <Function test_usar_runtime_numero_expone_e_inyecta_desviacion_estandar>
        <Function test_usar_runtime_colision_warn_diagnostico_y_sin_overwrite>
        <Function test_usar_runtime_reimport_idempotente_logica_no_falla>
        <Function test_usar_runtime_reimport_idempotente_numero_no_falla>
        <Function test_usar_runtime_colision_variable_usuario_sigue_fallando>
        <Function test_usar_runtime_holobit_no_expone_objetos_sdk_internos>
        <Function test_usar_holobit_regresion_no_expone_simbolos_internos_por_introspeccion>
        <Function test_usar_runtime_allowlist_y_flags_mantienen_contrato_estricto>
        <Function test_validar_nombre_modulo_usar_exige_allowlist_estricta>
        <Function test_validar_nombre_modulo_usar_numpy_devuelve_error_corto_fuera_catalogo_publico>
        <Function test_obtener_modulo_delega_validacion_inicial_sin_forzar_allowlist>
        <Function test_sanitizar_exports_publicos_descarta_simbolos_fuera_del_contrato_canonico_y_backend>
        <Function test_usar_runtime_rechaza_import_directo_de_internals_holobit[holobit_sdk-PermissionError-Importaci\xf3n no permitida en 'usar']>
        <Function test_usar_runtime_rechaza_import_directo_de_internals_holobit[holobit_sdk.core-ValueError-no es seguro para 'usar']>
        <Function test_usar_runtime_rechaza_import_directo_de_internals_holobit[holobit_sdk.visualization-ValueError-no es seguro para 'usar']>
        <Function test_usar_runtime_rechaza_import_directo_de_internals_holobit[pcobra.corelibs.holobit-ValueError-no es seguro para 'usar']>
        <Function test_usar_runtime_error_usuario_sin_detalle_en_modo_normal>
        <Function test_usar_runtime_error_usuario_con_detalle_en_debug>
      <Module test_usar_symbol_policy.py>
        <Function test_nombres_bloqueados_con_equivalencia_declaran_codigo_y_canonico[append-agregar]>
        <Function test_nombres_bloqueados_con_equivalencia_declaran_codigo_y_canonico[expect-obtener_o_error]>
        <Function test_nombres_bloqueados_con_equivalencia_declaran_codigo_y_canonico[filter-filtrar]>
        <Function test_nombres_bloqueados_con_equivalencia_declaran_codigo_y_canonico[map-mapear]>
        <Function test_nombres_bloqueados_con_equivalencia_declaran_codigo_y_canonico[unwrap-obtener_o_error]>
        <Function test_nombre_bloqueado_sin_equivalencia_conserva_rechazo_explicito>
        <Function test_rechaza_self_con_su_equivalente_canonico>
        <Function test_rechaza_doble_guion_bajo_y_modulo_backend>
        <Function test_reglas_de_saneamiento_por_caso_especifico>
        <Function test_saneamiento_centralizado_aplica_todas_las_reglas>
        <Function test_acepta_unicamente_equivalentes_canonicos_acordados>
        <Function test_rechaza_no_callable_que_no_es_constante_publica_canonica>
        <Function test_rechaza_todos_los_alias_ingleses_prohibidos>
        <Function test_schema_usar_consistencia_interna>
        <Function test_modo_estricto_cobra_facing_rechaza_nombres_no_canonicos>
        <Function test_modo_estricto_cobra_facing_permite_nombres_canonicos>
        <Function test_constantes_publicas_canonicas_explicitas_se_permiten>
        <Function test_rechazo_estricto_alias_backend_hacia_cobra>
        <Function test_objetos_envueltos_sdk_y_wrapped_se_bloquean_siempre>
        <Function test_rechaza_nombre_holobit_sdk_explicito>
        <Function test_rechaza_clase_interna_con_rastro_sdk_en_modulo>
        <Function test_normalizar_metadata_simbolo_usar_convierte_alias_legacy_y_derivados>
        <Function test_normaliza_aliases_explicitos_a_claves_canonicas_y_filtra_legacy>
        <Function test_rechaza_conflicto_semantico_en_aliases_no_resoluble>
        <Function test_rechaza_metadata_con_clave_desconocida_maliciosa>
        <Function test_rechaza_metadata_con_contradiccion_backend_exposed_true_en_validacion_estricta>
        <Function test_claves_legacy_compatibles_forman_parte_del_set_permitido>
        <Function test_normalizacion_acepta_y_canonicaliza_claves_legacy_compatibles_sin_criticas>
        <Function test_normaliza_wrapper_safe_legacy_hacia_safe_wrapper_canonico>
        <Function test_regresion_runtime_usar_archivo_existe_no_aborta_por_safe_wrapper>
        <Function test_rechaza_contradicciones_criticas_de_metadata_usar>
      <Module test_util.py>
        <Function test_util>
      <Module test_validar_dependencias.py>
        <Function test_compilar_dependencia_invalida_python>
        <Function test_compilar_dependencia_invalida_javascript>
        <Function test_compilar_dependencia_invalida_cpp>
        <Function test_ejecutar_dependencia_invalida>
        <Function test_interactive_dependencia_invalida>
      <Module test_validate_file.py>
        <Function test_validate_file_nonexistent>
        <Function test_validate_file_no_read_permission>
        <Function test_validate_file_too_large>
        <Function test_validate_file_ok>
        <Function test_validate_file_rechaza_archivos_que_no_son_fuente_cobra[.co]>
        <Function test_validate_file_rechaza_archivos_que_no_son_fuente_cobra[.txt]>
        <Function test_validate_file_rechaza_archivos_que_no_son_fuente_cobra[.py]>
      <Module test_validate_targets_policy_script.py>
        <Function test_iter_scan_files_includes_src_and_tests_and_skips_generated>
        <Function test_main_falla_rapido_si_hay_alias_publico_no_canonico>
        <Function test_main_falla_rapido_si_aparece_un_to_py_extra>
        <Function test_ci_validate_targets_fija_ocho_transpilers_y_goldens_exactos>
        <Function test_auditoria_sintaxis_rechaza_target_publico_invalido>
        <Function test_auditoria_sintaxis_ignora_solo_referencia_historica_marcada>
        <Function test_ci_validate_targets_detecta_documentacion_sdk_divergente>
        <Function test_ci_validate_targets_bloquea_fugas_de_retired_targets_en_indices_docs>
        <Function test_ci_validate_targets_guardrail_no_reporta_si_no_hay_fugas>
        <Function test_ci_validate_targets_guardrail_permite_exclusiones_de_packaging>
        <Function test_ci_validate_targets_bloquea_dependencias_productivas_a_retired_targets>
        <Function test_ci_validate_targets_exige_exclusiones_explicitas_en_packaging>
        <Function test_ci_validate_targets_bloquea_promocion_sdk_full_en_target_no_python>
        <Function test_ci_validate_targets_permite_mencionar_sdk_full_para_python>
        <Function test_ci_validate_targets_runtime_routes_and_shims_ok>
        <Function test_ci_validate_targets_detecta_firma_critica_desalineada>
      <Module test_validator_optimization.py>
        <Function test_construir_cadena_reutiliza_instancias>
        <Function test_construir_cadena_sin_reutilizar>
        <Function test_valida_y_audita_cada_nodo_una_vez_por_fase>
      <Module test_verify_cmd.py>
        <Function test_valid_extensions_solo_incluyen_cobra>
        <Function test_verify_command_acepta_fuente_cobra>
        <Function test_verify_command_rechaza_paquete_co_de_texto>
        <Function test_verify_command_supported_languages_canonicos>
        <Function test_verify_command_usa_contenedor_para_runtimes_compilados[rust]>
        <Function test_verify_command_usa_contenedor_para_runtimes_compilados[cpp]>
      <Module test_workflow_branch_filters.py>
        <Function test_workflows_with_branch_filters_target_active_branch_only>

=============================== warnings summary ===============================
tests/integration/test_notebooks_execution.py:8
  /workspace/pCobra/tests/integration/test_notebooks_execution.py:8: PytestDeprecationWarning: 
  Module 'nbformat' was found, but when imported by pytest it raised:
      ImportError("cannot import name 'Draft4Validator' from 'jsonschema' (unknown location)")
  In pytest 9.1 this warning will become an error by default.
  You can fix the underlying problem, or alternatively overwrite this behavior and silence this warning by passing exc_type=ImportError explicitly.
  See https://docs.pytest.org/en/stable/deprecations.html#pytest-importorskip-default-behavior-regarding-importerror
    nbformat = pytest.importorskip("nbformat")

src/pcobra/cobra/cli/commands_v2/test_cmd.py:22
  /workspace/pCobra/src/pcobra/cobra/cli/commands_v2/test_cmd.py:22: PytestCollectionWarning: cannot collect test class 'TestCommandV2' because it has a __init__ constructor (from: tests/unit/test_cli_v2_command_contract.py)
    class TestCommandV2(BaseCommand):

tests/unit/test_security_sandbox.py:33
  /workspace/pCobra/tests/unit/test_security_sandbox.py:33: SyntaxWarning: invalid escape sequence '\+'
    with pytest.raises(RuntimeError, match="Contenedor.*C\+\+"):

-- Docs: https://docs.pytest.org/en/stable/how-to/capture-warnings.html
======================== 4977 tests collected in 14.90s ========================

__COLLECTION_EXIT_CODE__=0
